This file contains any messages produced by compilers while
running configure, to aid debugging if configure makes a mistake.

It was created by configure, which was
generated by GNU Autoconf 2.65.  Invocation command line was

  $ ./configure --with-pcre-libdir= --with-pcre-incdir=

## --------- ##
## Platform. ##
## --------- ##

hostname = ubuntu
uname -m = x86_64
uname -r = 4.18.0-20-generic
uname -s = Linux
uname -v = #21~18.04.1-Ubuntu SMP Wed May 8 08:43:37 UTC 2019

/usr/bin/uname -p = unknown
/bin/uname -X     = unknown

/bin/arch              = unknown
/usr/bin/arch -k       = unknown
/usr/convex/getsysinfo = unknown
/usr/bin/hostinfo      = unknown
/bin/machine           = unknown
/usr/bin/oslevel       = unknown
/bin/universe          = unknown

PATH: /usr/include/emsdk/emscripten/1.38.30/system/bin
PATH: /usr/local/sbin
PATH: /usr/local/bin
PATH: /usr/sbin
PATH: /usr/bin
PATH: /sbin
PATH: /bin
PATH: /usr/games
PATH: /usr/local/games
PATH: /usr/include/emsdk
PATH: /usr/include/emsdk/clang/e1.38.30_64bit
PATH: /usr/include/emsdk/node/8.9.1_64bit/bin
PATH: /usr/include/emsdk/emscripten/1.38.30
PATH: /usr/local/sbin
PATH: /usr/local/bin
PATH: /usr/sbin
PATH: /usr/bin
PATH: /sbin
PATH: /bin
PATH: /snap/bin


## ----------- ##
## Core tests. ##
## ----------- ##

configure:2059: checking build system type
configure:2073: result: x86_64-unknown-linux-gnu
configure:2093: checking host system type
configure:2106: result: x86_64-unknown-linux-gnu
configure:2199: checking for gcc
configure:2226: result: /usr/include/emsdk/emscripten/1.38.30/emcc
configure:2455: checking for C compiler version
configure:2464: /usr/include/emsdk/emscripten/1.38.30/emcc --version >&5
emcc (Emscripten gcc/clang-like replacement) 1.38.30 (commit 9538381d56272818cba77a808ba46fdac6c961c8)
Copyright (C) 2014 the Emscripten authors (see AUTHORS.txt)
This is free and open source software under the MIT license.
There is NO warranty; not even for MERCHANTABILITY or FITNESS FOR A PARTICULAR PURPOSE.
  
configure:2475: $? = 0
configure:2464: /usr/include/emsdk/emscripten/1.38.30/emcc -v >&5
emcc (Emscripten gcc/clang-like replacement + linker emulating GNU ld) 1.38.30
clang version 6.0.1  (emscripten 1.38.30 : 1.38.30)
Target: x86_64-unknown-linux-gnu
Thread model: posix
InstalledDir: /usr/include/emsdk/clang/e1.38.30_64bit
Found candidate GCC installation: /usr/lib/gcc/x86_64-linux-gnu/7
Found candidate GCC installation: /usr/lib/gcc/x86_64-linux-gnu/7.4.0
Found candidate GCC installation: /usr/lib/gcc/x86_64-linux-gnu/8
Selected GCC installation: /usr/lib/gcc/x86_64-linux-gnu/7.4.0
Candidate multilib: .;@m64
... rest of stderr output deleted ...
configure:2475: $? = 0
configure:2464: /usr/include/emsdk/emscripten/1.38.30/emcc -V >&5
shared:ERROR: no input files
note that input files without a known suffix are ignored, make sure your input files end with one of: ('.c', '.C', '.i', '.cpp', '.cxx', '.cc', '.c++', '.CPP', '.CXX', '.CC', '.C++', '.ii', '.m', '.mi', '.mm', '.mii', '/dev/null', '.bc', '.o', '.obj', '.lo', '.dylib', '.so', '.a', '.ll', '.h', '.hxx', '.hpp', '.hh', '.H', '.HXX', '.HPP', '.HH')
configure:2475: $? = 1
configure:2464: /usr/include/emsdk/emscripten/1.38.30/emcc -qversion >&5
shared:ERROR: no input files
note that input files without a known suffix are ignored, make sure your input files end with one of: ('.c', '.C', '.i', '.cpp', '.cxx', '.cc', '.c++', '.CPP', '.CXX', '.CC', '.C++', '.ii', '.m', '.mi', '.mm', '.mii', '/dev/null', '.bc', '.o', '.obj', '.lo', '.dylib', '.so', '.a', '.ll', '.h', '.hxx', '.hpp', '.hh', '.H', '.HXX', '.HPP', '.HH')
configure:2475: $? = 1
configure:2495: checking whether the C compiler works
configure:2517: /usr/include/emsdk/emscripten/1.38.30/emcc    conftest.c  >&5
configure:2521: $? = 0
configure:2570: result: yes
configure:2573: checking for C compiler default output file name
configure:2575: result: a.out
configure:2581: checking for suffix of executables
configure:2588: /usr/include/emsdk/emscripten/1.38.30/emcc -o conftest    conftest.c  >&5
configure:2592: $? = 0
configure:2614: result: 
configure:2636: checking whether we are cross compiling
configure:2644: /usr/include/emsdk/emscripten/1.38.30/emcc -o conftest    conftest.c  >&5
configure:2648: $? = 0
configure:2655: ./conftest
configure:2659: $? = 0
configure:2674: result: no
configure:2679: checking for suffix of object files
configure:2701: /usr/include/emsdk/emscripten/1.38.30/emcc -c   conftest.c >&5
configure:2705: $? = 0
configure:2726: result: o
configure:2730: checking whether we are using the GNU C compiler
configure:2749: /usr/include/emsdk/emscripten/1.38.30/emcc -c   conftest.c >&5
configure:2749: $? = 0
configure:2758: result: yes
configure:2767: checking whether /usr/include/emsdk/emscripten/1.38.30/emcc accepts -g
configure:2787: /usr/include/emsdk/emscripten/1.38.30/emcc -c -g  conftest.c >&5
configure:2787: $? = 0
configure:2828: result: yes
configure:2845: checking for /usr/include/emsdk/emscripten/1.38.30/emcc option to accept ISO C89
configure:2909: /usr/include/emsdk/emscripten/1.38.30/emcc  -c   conftest.c >&5
configure:2909: $? = 0
configure:2922: result: none needed
configure:2943: checking for main in -lpcre
configure:2962: /usr/include/emsdk/emscripten/1.38.30/emcc -o conftest    conftest.c -lpcre   >&5
shared:WARNING: emcc: cannot find library "pcre"
configure:2962: $? = 0
configure:2971: result: yes
configure:2999: checking how to run the C preprocessor
configure:3030: /usr/include/emsdk/emscripten/1.38.30/emcc -E  conftest.c
configure:3030: $? = 0
configure:3044: /usr/include/emsdk/emscripten/1.38.30/emcc -E  conftest.c
conftest.c:10:10: fatal error: 'ac_nonexistent.h' file not found
#include <ac_nonexistent.h>
         ^~~~~~~~~~~~~~~~~~
1 error generated.
configure:3044: $? = 1
configure: failed program was:
| /* confdefs.h */
| #define PACKAGE_NAME ""
| #define PACKAGE_TARNAME ""
| #define PACKAGE_VERSION ""
| #define PACKAGE_STRING ""
| #define PACKAGE_BUGREPORT ""
| #define PACKAGE_URL ""
| #define HAVE_LIBPCRE 1
| /* end confdefs.h.  */
| #include <ac_nonexistent.h>
configure:3069: result: /usr/include/emsdk/emscripten/1.38.30/emcc -E
configure:3089: /usr/include/emsdk/emscripten/1.38.30/emcc -E  conftest.c
configure:3089: $? = 0
configure:3103: /usr/include/emsdk/emscripten/1.38.30/emcc -E  conftest.c
conftest.c:10:10: fatal error: 'ac_nonexistent.h' file not found
#include <ac_nonexistent.h>
         ^~~~~~~~~~~~~~~~~~
1 error generated.
configure:3103: $? = 1
configure: failed program was:
| /* confdefs.h */
| #define PACKAGE_NAME ""
| #define PACKAGE_TARNAME ""
| #define PACKAGE_VERSION ""
| #define PACKAGE_STRING ""
| #define PACKAGE_BUGREPORT ""
| #define PACKAGE_URL ""
| #define HAVE_LIBPCRE 1
| /* end confdefs.h.  */
| #include <ac_nonexistent.h>
configure:3132: checking for grep that handles long lines and -e
configure:3190: result: /bin/grep
configure:3195: checking for egrep
configure:3257: result: /bin/grep -E
configure:3262: checking for ANSI C header files
configure:3282: /usr/include/emsdk/emscripten/1.38.30/emcc -c   conftest.c >&5
configure:3282: $? = 0
configure:3355: /usr/include/emsdk/emscripten/1.38.30/emcc -o conftest    conftest.c -lpcre  >&5
shared:WARNING: emcc: cannot find library "pcre"
configure:3355: $? = 0
configure:3355: ./conftest
configure:3355: $? = 0
configure:3366: result: yes
configure:3379: checking for sys/types.h
configure:3379: /usr/include/emsdk/emscripten/1.38.30/emcc -c   conftest.c >&5
configure:3379: $? = 0
configure:3379: result: yes
configure:3379: checking for sys/stat.h
configure:3379: /usr/include/emsdk/emscripten/1.38.30/emcc -c   conftest.c >&5
configure:3379: $? = 0
configure:3379: result: yes
configure:3379: checking for stdlib.h
configure:3379: /usr/include/emsdk/emscripten/1.38.30/emcc -c   conftest.c >&5
configure:3379: $? = 0
configure:3379: result: yes
configure:3379: checking for string.h
configure:3379: /usr/include/emsdk/emscripten/1.38.30/emcc -c   conftest.c >&5
configure:3379: $? = 0
configure:3379: result: yes
configure:3379: checking for memory.h
configure:3379: /usr/include/emsdk/emscripten/1.38.30/emcc -c   conftest.c >&5
configure:3379: $? = 0
configure:3379: result: yes
configure:3379: checking for strings.h
configure:3379: /usr/include/emsdk/emscripten/1.38.30/emcc -c   conftest.c >&5
configure:3379: $? = 0
configure:3379: result: yes
configure:3379: checking for inttypes.h
configure:3379: /usr/include/emsdk/emscripten/1.38.30/emcc -c   conftest.c >&5
configure:3379: $? = 0
configure:3379: result: yes
configure:3379: checking for stdint.h
configure:3379: /usr/include/emsdk/emscripten/1.38.30/emcc -c   conftest.c >&5
configure:3379: $? = 0
configure:3379: result: yes
configure:3379: checking for unistd.h
configure:3379: /usr/include/emsdk/emscripten/1.38.30/emcc -c   conftest.c >&5
configure:3379: $? = 0
configure:3379: result: yes
configure:3395: checking pcre.h usability
configure:3395: /usr/include/emsdk/emscripten/1.38.30/emcc -c   conftest.c >&5
conftest.c:53:10: fatal error: 'pcre.h' file not found
#include <pcre.h>
         ^~~~~~~~
1 error generated.
shared:ERROR: compiler frontend failed to generate LLVM bitcode, halting
configure:3395: $? = 1
configure: failed program was:
| /* confdefs.h */
| #define PACKAGE_NAME ""
| #define PACKAGE_TARNAME ""
| #define PACKAGE_VERSION ""
| #define PACKAGE_STRING ""
| #define PACKAGE_BUGREPORT ""
| #define PACKAGE_URL ""
| #define HAVE_LIBPCRE 1
| #define STDC_HEADERS 1
| #define HAVE_SYS_TYPES_H 1
| #define HAVE_SYS_STAT_H 1
| #define HAVE_STDLIB_H 1
| #define HAVE_STRING_H 1
| #define HAVE_MEMORY_H 1
| #define HAVE_STRINGS_H 1
| #define HAVE_INTTYPES_H 1
| #define HAVE_STDINT_H 1
| #define HAVE_UNISTD_H 1
| /* end confdefs.h.  */
| #include <stdio.h>
| #ifdef HAVE_SYS_TYPES_H
| # include <sys/types.h>
| #endif
| #ifdef HAVE_SYS_STAT_H
| # include <sys/stat.h>
| #endif
| #ifdef STDC_HEADERS
| # include <stdlib.h>
| # include <stddef.h>
| #else
| # ifdef HAVE_STDLIB_H
| #  include <stdlib.h>
| # endif
| #endif
| #ifdef HAVE_STRING_H
| # if !defined STDC_HEADERS && defined HAVE_MEMORY_H
| #  include <memory.h>
| # endif
| # include <string.h>
| #endif
| #ifdef HAVE_STRINGS_H
| # include <strings.h>
| #endif
| #ifdef HAVE_INTTYPES_H
| # include <inttypes.h>
| #endif
| #ifdef HAVE_STDINT_H
| # include <stdint.h>
| #endif
| #ifdef HAVE_UNISTD_H
| # include <unistd.h>
| #endif
| #include <pcre.h>
configure:3395: result: no
configure:3395: checking pcre.h presence
configure:3395: /usr/include/emsdk/emscripten/1.38.30/emcc -E  conftest.c
conftest.c:20:10: fatal error: 'pcre.h' file not found
#include <pcre.h>
         ^~~~~~~~
1 error generated.
configure:3395: $? = 1
configure: failed program was:
| /* confdefs.h */
| #define PACKAGE_NAME ""
| #define PACKAGE_TARNAME ""
| #define PACKAGE_VERSION ""
| #define PACKAGE_STRING ""
| #define PACKAGE_BUGREPORT ""
| #define PACKAGE_URL ""
| #define HAVE_LIBPCRE 1
| #define STDC_HEADERS 1
| #define HAVE_SYS_TYPES_H 1
| #define HAVE_SYS_STAT_H 1
| #define HAVE_STDLIB_H 1
| #define HAVE_STRING_H 1
| #define HAVE_MEMORY_H 1
| #define HAVE_STRINGS_H 1
| #define HAVE_INTTYPES_H 1
| #define HAVE_STDINT_H 1
| #define HAVE_UNISTD_H 1
| /* end confdefs.h.  */
| #include <pcre.h>
configure:3395: result: no
configure:3395: checking for pcre.h
configure:3395: result: no
configure:3411: WARNING:  ****Your system is missing pcre.h, which is required
    for PCRE (Perl pattern matching library) to function.
****PCRE support will be disabled. To use PCRE, please install the packages
    libpcre and libpcre-dev.
configure:3574: creating ./config.status

## ---------------------- ##
## Running config.status. ##
## ---------------------- ##

This file was extended by config.status, which was
generated by GNU Autoconf 2.65.  Invocation command line was

  CONFIG_FILES    = 
  CONFIG_HEADERS  = 
  CONFIG_LINKS    = 
  CONFIG_COMMANDS = 
  $ ./config.status 

on ubuntu

config.status:4376: creating pcre_info.P

## ---------------- ##
## Cache variables. ##
## ---------------- ##

ac_cv_build='x86_64-unknown-linux-gnu'
ac_cv_c_compiler_gnu='yes'
ac_cv_env_CC_set='set'
ac_cv_env_CC_value='/usr/include/emsdk/emscripten/1.38.30/emcc'
ac_cv_env_CFLAGS_set='set'
ac_cv_env_CFLAGS_value=''
ac_cv_env_CPPFLAGS_set=''
ac_cv_env_CPPFLAGS_value=''
ac_cv_env_CPP_set=''
ac_cv_env_CPP_value=''
ac_cv_env_LDFLAGS_set=''
ac_cv_env_LDFLAGS_value=''
ac_cv_env_LIBS_set=''
ac_cv_env_LIBS_value=''
ac_cv_env_build_alias_set=''
ac_cv_env_build_alias_value=''
ac_cv_env_host_alias_set=''
ac_cv_env_host_alias_value=''
ac_cv_env_target_alias_set=''
ac_cv_env_target_alias_value=''
ac_cv_header_inttypes_h='yes'
ac_cv_header_memory_h='yes'
ac_cv_header_pcre_h='no'
ac_cv_header_stdc='yes'
ac_cv_header_stdint_h='yes'
ac_cv_header_stdlib_h='yes'
ac_cv_header_string_h='yes'
ac_cv_header_strings_h='yes'
ac_cv_header_sys_stat_h='yes'
ac_cv_header_sys_types_h='yes'
ac_cv_header_unistd_h='yes'
ac_cv_host='x86_64-unknown-linux-gnu'
ac_cv_lib_pcre_main='yes'
ac_cv_objext='o'
ac_cv_path_EGREP='/bin/grep -E'
ac_cv_path_GREP='/bin/grep'
ac_cv_prog_CPP='/usr/include/emsdk/emscripten/1.38.30/emcc -E'
ac_cv_prog_ac_ct_CC='/usr/include/emsdk/emscripten/1.38.30/emcc'
ac_cv_prog_cc_c89=''
ac_cv_prog_cc_g='yes'

## ----------------- ##
## Output variables. ##
## ----------------- ##

CC='/usr/include/emsdk/emscripten/1.38.30/emcc'
CFLAGS=''
CPP='/usr/include/emsdk/emscripten/1.38.30/emcc -E'
CPPFLAGS=''
DEFS='-DPACKAGE_NAME=\"\" -DPACKAGE_TARNAME=\"\" -DPACKAGE_VERSION=\"\" -DPACKAGE_STRING=\"\" -DPACKAGE_BUGREPORT=\"\" -DPACKAGE_URL=\"\" -DHAVE_LIBPCRE=1 -DSTDC_HEADERS=1 -DHAVE_SYS_TYPES_H=1 -DHAVE_SYS_STAT_H=1 -DHAVE_STDLIB_H=1 -DHAVE_STRING_H=1 -DHAVE_MEMORY_H=1 -DHAVE_STRINGS_H=1 -DHAVE_INTTYPES_H=1 -DHAVE_STDINT_H=1 -DHAVE_UNISTD_H=1'
ECHO_C=''
ECHO_N='-n'
ECHO_T=''
EGREP='/bin/grep -E'
EXEEXT=''
GREP='/bin/grep'
LDFLAGS=''
LIBOBJS=''
LIBS='-lpcre '
LTLIBOBJS=''
OBJEXT='o'
PACKAGE_BUGREPORT=''
PACKAGE_NAME=''
PACKAGE_STRING=''
PACKAGE_TARNAME=''
PACKAGE_URL=''
PACKAGE_VERSION=''
PATH_SEPARATOR=':'
SHELL='/bin/sh'
ac_ct_CC='/usr/include/emsdk/emscripten/1.38.30/emcc'
bindir='${exec_prefix}/bin'
build='x86_64-unknown-linux-gnu'
build_alias=''
build_cpu='x86_64'
build_os='linux-gnu'
build_vendor='unknown'
ccflags=''
datadir='${datarootdir}'
datarootdir='${prefix}/share'
docdir='${datarootdir}/doc/${PACKAGE}'
dvidir='${docdir}'
exec_prefix='${prefix}'
host='x86_64-unknown-linux-gnu'
host_alias=''
host_cpu='x86_64'
host_os='linux-gnu'
host_vendor='unknown'
htmldir='${docdir}'
includedir='${prefix}/include'
infodir='${datarootdir}/info'
ldflags=''
libdir=''
libexecdir='${exec_prefix}/libexec'
localedir='${datarootdir}/locale'
localstatedir='${prefix}/var'
mandir='${datarootdir}/man'
oldincludedir='/usr/include'
pdfdir='${docdir}'
prefix='/usr/local'
program_transform_name='s,x,x,'
psdir='${docdir}'
sbindir='${exec_prefix}/sbin'
sharedstatedir='${prefix}/com'
support='no'
sysconfdir='${prefix}/etc'
target_alias=''

## ----------- ##
## confdefs.h. ##
## ----------- ##

/* confdefs.h */
#define PACKAGE_NAME ""
#define PACKAGE_TARNAME ""
#define PACKAGE_VERSION ""
#define PACKAGE_STRING ""
#define PACKAGE_BUGREPORT ""
#define PACKAGE_URL ""
#define HAVE_LIBPCRE 1
#define STDC_HEADERS 1
#define HAVE_SYS_TYPES_H 1
#define HAVE_SYS_STAT_H 1
#define HAVE_STDLIB_H 1
#define HAVE_STRING_H 1
#define HAVE_MEMORY_H 1
#define HAVE_STRINGS_H 1
#define HAVE_INTTYPES_H 1
#define HAVE_STDINT_H 1
#define HAVE_UNISTD_H 1

configure: exit 0
