This file contains any messages produced by compilers while
running configure, to aid debugging if configure makes a mistake.

It was created by configure, which was
generated by GNU Autoconf 2.65.  Invocation command line was

  $ ./configure --with-pcre-libdir= --with-pcre-incdir=

## --------- ##
## Platform. ##
## --------- ##

hostname = Theresas-Turn.local
uname -m = x86_64
uname -r = 14.5.0
uname -s = Darwin
uname -v = Darwin Kernel Version 14.5.0: Thu Apr 21 20:40:54 PDT 2016; root:xnu-2782.50.3~1/RELEASE_X86_64

/usr/bin/uname -p = i386
/bin/uname -X     = unknown

/bin/arch              = unknown
/usr/bin/arch -k       = unknown
/usr/convex/getsysinfo = unknown
/usr/bin/hostinfo      = Mach kernel version:
	 Darwin Kernel Version 14.5.0: Thu Apr 21 20:40:54 PDT 2016; root:xnu-2782.50.3~1/RELEASE_X86_64
Kernel configured for up to 8 processors.
4 processors are physically available.
8 processors are logically available.
Processor type: x86_64h (Intel x86-64h Haswell)
Processors active: 0 1 2 3 4 5 6 7
Primary memory available: 8.00 gigabytes
Default processor set: 184 tasks, 846 threads, 8 processors
Load average: 2.18, Mach factor: 5.81
/bin/machine           = unknown
/usr/bin/oslevel       = unknown
/bin/universe          = unknown

PATH: /bin
PATH: /sbin
PATH: /usr/bin
PATH: /usr/sbin
PATH: /usr/local/texlive/2014/bin/x86_64-darwin/
PATH: /usr/local/gwTeX/bin/i386-apple-darwin-current
PATH: /usr/local/bin
PATH: .
PATH: /Users/theresa/coherent-engine/flora2
PATH: /opt/local/bin
PATH: /Applications/MAMP/Library/bin
PATH: /Users/theresa/prism/prism/bin
PATH: /Applications/SWI-Prolog.app/Contents/MacOS
PATH: /Users/theresa/eclipse/bin/x86_64_macosx
PATH: /Users/theresa/scala/scala-2.11.7/bin


## ----------- ##
## Core tests. ##
## ----------- ##

configure:2059: checking build system type
configure:2073: result: i386-apple-darwin14.5.0
configure:2093: checking host system type
configure:2106: result: i386-apple-darwin14.5.0
configure:2199: checking for gcc
configure:2215: found /usr/bin/gcc
configure:2226: result: gcc
configure:2455: checking for C compiler version
configure:2464: gcc --version >&5
Apple LLVM version 6.0 (clang-600.0.54) (based on LLVM 3.5svn)
Target: x86_64-apple-darwin14.5.0
Thread model: posix
Configured with: --prefix=/Applications/Xcode.app/Contents/Developer/usr --with-gxx-include-dir=/usr/include/c++/4.2.1
configure:2475: $? = 0
configure:2464: gcc -v >&5
Configured with: --prefix=/Applications/Xcode.app/Contents/Developer/usr --with-gxx-include-dir=/usr/include/c++/4.2.1
Apple LLVM version 6.0 (clang-600.0.54) (based on LLVM 3.5svn)
Target: x86_64-apple-darwin14.5.0
Thread model: posix
configure:2475: $? = 0
configure:2464: gcc -V >&5
clang: error: argument to '-V' is missing (expected 1 value)
clang: error: no input files
configure:2475: $? = 1
configure:2464: gcc -qversion >&5
clang: error: unknown argument: '-qversion'
clang: error: no input files
configure:2475: $? = 1
configure:2495: checking whether the C compiler works
configure:2517: gcc    conftest.c  >&5
configure:2521: $? = 0
configure:2570: result: yes
configure:2573: checking for C compiler default output file name
configure:2575: result: a.out
configure:2581: checking for suffix of executables
configure:2588: gcc -o conftest    conftest.c  >&5
configure:2592: $? = 0
configure:2614: result: 
configure:2636: checking whether we are cross compiling
configure:2644: gcc -o conftest    conftest.c  >&5
configure:2648: $? = 0
configure:2655: ./conftest
configure:2659: $? = 0
configure:2674: result: no
configure:2679: checking for suffix of object files
configure:2701: gcc -c   conftest.c >&5
configure:2705: $? = 0
configure:2726: result: o
configure:2730: checking whether we are using the GNU C compiler
configure:2749: gcc -c   conftest.c >&5
configure:2749: $? = 0
configure:2758: result: yes
configure:2767: checking whether gcc accepts -g
configure:2787: gcc -c -g  conftest.c >&5
configure:2787: $? = 0
configure:2828: result: yes
configure:2845: checking for gcc option to accept ISO C89
configure:2909: gcc  -c -g -O2  conftest.c >&5
configure:2909: $? = 0
configure:2922: result: none needed
configure:2943: checking for main in -lpcre
configure:2962: gcc -o conftest -g -O2   conftest.c -lpcre   >&5
configure:2962: $? = 0
configure:2971: result: yes
configure:2999: checking how to run the C preprocessor
configure:3030: gcc -E  conftest.c
configure:3030: $? = 0
configure:3044: gcc -E  conftest.c
conftest.c:10:10: fatal error: 'ac_nonexistent.h' file not found
#include <ac_nonexistent.h>
         ^
1 error generated.
configure:3044: $? = 1
configure: failed program was:
| /* confdefs.h */
| #define PACKAGE_NAME ""
| #define PACKAGE_TARNAME ""
| #define PACKAGE_VERSION ""
| #define PACKAGE_STRING ""
| #define PACKAGE_BUGREPORT ""
| #define PACKAGE_URL ""
| #define HAVE_LIBPCRE 1
| /* end confdefs.h.  */
| #include <ac_nonexistent.h>
configure:3069: result: gcc -E
configure:3089: gcc -E  conftest.c
configure:3089: $? = 0
configure:3103: gcc -E  conftest.c
conftest.c:10:10: fatal error: 'ac_nonexistent.h' file not found
#include <ac_nonexistent.h>
         ^
1 error generated.
configure:3103: $? = 1
configure: failed program was:
| /* confdefs.h */
| #define PACKAGE_NAME ""
| #define PACKAGE_TARNAME ""
| #define PACKAGE_VERSION ""
| #define PACKAGE_STRING ""
| #define PACKAGE_BUGREPORT ""
| #define PACKAGE_URL ""
| #define HAVE_LIBPCRE 1
| /* end confdefs.h.  */
| #include <ac_nonexistent.h>
configure:3132: checking for grep that handles long lines and -e
configure:3190: result: /usr/bin/grep
configure:3195: checking for egrep
configure:3257: result: /usr/bin/grep -E
configure:3262: checking for ANSI C header files
configure:3282: gcc -c -g -O2  conftest.c >&5
configure:3282: $? = 0
configure:3355: gcc -o conftest -g -O2   conftest.c -lpcre  >&5
configure:3355: $? = 0
configure:3355: ./conftest
configure:3355: $? = 0
configure:3366: result: yes
configure:3379: checking for sys/types.h
configure:3379: gcc -c -g -O2  conftest.c >&5
configure:3379: $? = 0
configure:3379: result: yes
configure:3379: checking for sys/stat.h
configure:3379: gcc -c -g -O2  conftest.c >&5
configure:3379: $? = 0
configure:3379: result: yes
configure:3379: checking for stdlib.h
configure:3379: gcc -c -g -O2  conftest.c >&5
configure:3379: $? = 0
configure:3379: result: yes
configure:3379: checking for string.h
configure:3379: gcc -c -g -O2  conftest.c >&5
configure:3379: $? = 0
configure:3379: result: yes
configure:3379: checking for memory.h
configure:3379: gcc -c -g -O2  conftest.c >&5
configure:3379: $? = 0
configure:3379: result: yes
configure:3379: checking for strings.h
configure:3379: gcc -c -g -O2  conftest.c >&5
configure:3379: $? = 0
configure:3379: result: yes
configure:3379: checking for inttypes.h
configure:3379: gcc -c -g -O2  conftest.c >&5
configure:3379: $? = 0
configure:3379: result: yes
configure:3379: checking for stdint.h
configure:3379: gcc -c -g -O2  conftest.c >&5
configure:3379: $? = 0
configure:3379: result: yes
configure:3379: checking for unistd.h
configure:3379: gcc -c -g -O2  conftest.c >&5
configure:3379: $? = 0
configure:3379: result: yes
configure:3395: checking pcre.h usability
configure:3395: gcc -c -g -O2  conftest.c >&5
conftest.c:53:10: fatal error: 'pcre.h' file not found
#include <pcre.h>
         ^
1 error generated.
configure:3395: $? = 1
configure: failed program was:
| /* confdefs.h */
| #define PACKAGE_NAME ""
| #define PACKAGE_TARNAME ""
| #define PACKAGE_VERSION ""
| #define PACKAGE_STRING ""
| #define PACKAGE_BUGREPORT ""
| #define PACKAGE_URL ""
| #define HAVE_LIBPCRE 1
| #define STDC_HEADERS 1
| #define HAVE_SYS_TYPES_H 1
| #define HAVE_SYS_STAT_H 1
| #define HAVE_STDLIB_H 1
| #define HAVE_STRING_H 1
| #define HAVE_MEMORY_H 1
| #define HAVE_STRINGS_H 1
| #define HAVE_INTTYPES_H 1
| #define HAVE_STDINT_H 1
| #define HAVE_UNISTD_H 1
| /* end confdefs.h.  */
| #include <stdio.h>
| #ifdef HAVE_SYS_TYPES_H
| # include <sys/types.h>
| #endif
| #ifdef HAVE_SYS_STAT_H
| # include <sys/stat.h>
| #endif
| #ifdef STDC_HEADERS
| # include <stdlib.h>
| # include <stddef.h>
| #else
| # ifdef HAVE_STDLIB_H
| #  include <stdlib.h>
| # endif
| #endif
| #ifdef HAVE_STRING_H
| # if !defined STDC_HEADERS && defined HAVE_MEMORY_H
| #  include <memory.h>
| # endif
| # include <string.h>
| #endif
| #ifdef HAVE_STRINGS_H
| # include <strings.h>
| #endif
| #ifdef HAVE_INTTYPES_H
| # include <inttypes.h>
| #endif
| #ifdef HAVE_STDINT_H
| # include <stdint.h>
| #endif
| #ifdef HAVE_UNISTD_H
| # include <unistd.h>
| #endif
| #include <pcre.h>
configure:3395: result: no
configure:3395: checking pcre.h presence
configure:3395: gcc -E  conftest.c
conftest.c:20:10: fatal error: 'pcre.h' file not found
#include <pcre.h>
         ^
1 error generated.
configure:3395: $? = 1
configure: failed program was:
| /* confdefs.h */
| #define PACKAGE_NAME ""
| #define PACKAGE_TARNAME ""
| #define PACKAGE_VERSION ""
| #define PACKAGE_STRING ""
| #define PACKAGE_BUGREPORT ""
| #define PACKAGE_URL ""
| #define HAVE_LIBPCRE 1
| #define STDC_HEADERS 1
| #define HAVE_SYS_TYPES_H 1
| #define HAVE_SYS_STAT_H 1
| #define HAVE_STDLIB_H 1
| #define HAVE_STRING_H 1
| #define HAVE_MEMORY_H 1
| #define HAVE_STRINGS_H 1
| #define HAVE_INTTYPES_H 1
| #define HAVE_STDINT_H 1
| #define HAVE_UNISTD_H 1
| /* end confdefs.h.  */
| #include <pcre.h>
configure:3395: result: no
configure:3395: checking for pcre.h
configure:3395: result: no
configure:3414: WARNING:  ****Your system is missing pcre.h, which is required
    for PCRE (Perl pattern matching library) to function.
****PCRE support will be disabled. To use PCRE, please install the packages
    libpcre and libpcre-dev.
configure:3574: creating ./config.status

## ---------------------- ##
## Running config.status. ##
## ---------------------- ##

This file was extended by config.status, which was
generated by GNU Autoconf 2.65.  Invocation command line was

  CONFIG_FILES    = 
  CONFIG_HEADERS  = 
  CONFIG_LINKS    = 
  CONFIG_COMMANDS = 
  $ ./config.status 

on Theresas-Turn.local

config.status:737: creating pcre_info.P

## ---------------- ##
## Cache variables. ##
## ---------------- ##

ac_cv_build=i386-apple-darwin14.5.0
ac_cv_c_compiler_gnu=yes
ac_cv_env_CC_set=
ac_cv_env_CC_value=
ac_cv_env_CFLAGS_set=
ac_cv_env_CFLAGS_value=
ac_cv_env_CPPFLAGS_set=
ac_cv_env_CPPFLAGS_value=
ac_cv_env_CPP_set=
ac_cv_env_CPP_value=
ac_cv_env_LDFLAGS_set=
ac_cv_env_LDFLAGS_value=
ac_cv_env_LIBS_set=
ac_cv_env_LIBS_value=
ac_cv_env_build_alias_set=
ac_cv_env_build_alias_value=
ac_cv_env_host_alias_set=
ac_cv_env_host_alias_value=
ac_cv_env_target_alias_set=
ac_cv_env_target_alias_value=
ac_cv_header_inttypes_h=yes
ac_cv_header_memory_h=yes
ac_cv_header_pcre_h=no
ac_cv_header_stdc=yes
ac_cv_header_stdint_h=yes
ac_cv_header_stdlib_h=yes
ac_cv_header_string_h=yes
ac_cv_header_strings_h=yes
ac_cv_header_sys_stat_h=yes
ac_cv_header_sys_types_h=yes
ac_cv_header_unistd_h=yes
ac_cv_host=i386-apple-darwin14.5.0
ac_cv_lib_pcre_main=yes
ac_cv_objext=o
ac_cv_path_EGREP='/usr/bin/grep -E'
ac_cv_path_GREP=/usr/bin/grep
ac_cv_prog_CPP='gcc -E'
ac_cv_prog_ac_ct_CC=gcc
ac_cv_prog_cc_c89=
ac_cv_prog_cc_g=yes

## ----------------- ##
## Output variables. ##
## ----------------- ##

CC='gcc'
CFLAGS='-g -O2'
CPP='gcc -E'
CPPFLAGS=''
DEFS='-DPACKAGE_NAME=\"\" -DPACKAGE_TARNAME=\"\" -DPACKAGE_VERSION=\"\" -DPACKAGE_STRING=\"\" -DPACKAGE_BUGREPORT=\"\" -DPACKAGE_URL=\"\" -DHAVE_LIBPCRE=1 -DSTDC_HEADERS=1 -DHAVE_SYS_TYPES_H=1 -DHAVE_SYS_STAT_H=1 -DHAVE_STDLIB_H=1 -DHAVE_STRING_H=1 -DHAVE_MEMORY_H=1 -DHAVE_STRINGS_H=1 -DHAVE_INTTYPES_H=1 -DHAVE_STDINT_H=1 -DHAVE_UNISTD_H=1'
ECHO_C='\c'
ECHO_N=''
ECHO_T=''
EGREP='/usr/bin/grep -E'
EXEEXT=''
GREP='/usr/bin/grep'
LDFLAGS=''
LIBOBJS=''
LIBS='-lpcre '
LTLIBOBJS=''
OBJEXT='o'
PACKAGE_BUGREPORT=''
PACKAGE_NAME=''
PACKAGE_STRING=''
PACKAGE_TARNAME=''
PACKAGE_URL=''
PACKAGE_VERSION=''
PATH_SEPARATOR=':'
SHELL='/bin/sh'
ac_ct_CC='gcc'
bindir='${exec_prefix}/bin'
build='i386-apple-darwin14.5.0'
build_alias=''
build_cpu='i386'
build_os='darwin14.5.0'
build_vendor='apple'
ccflags='-g -O2'
datadir='${datarootdir}'
datarootdir='${prefix}/share'
docdir='${datarootdir}/doc/${PACKAGE}'
dvidir='${docdir}'
exec_prefix='${prefix}'
host='i386-apple-darwin14.5.0'
host_alias=''
host_cpu='i386'
host_os='darwin14.5.0'
host_vendor='apple'
htmldir='${docdir}'
includedir='${prefix}/include'
infodir='${datarootdir}/info'
ldflags=''
libdir=''
libexecdir='${exec_prefix}/libexec'
localedir='${datarootdir}/locale'
localstatedir='${prefix}/var'
mandir='${datarootdir}/man'
oldincludedir='/usr/include'
pdfdir='${docdir}'
prefix='/usr/local'
program_transform_name='s,x,x,'
psdir='${docdir}'
sbindir='${exec_prefix}/sbin'
sharedstatedir='${prefix}/com'
support='no'
sysconfdir='${prefix}/etc'
target_alias=''

## ----------- ##
## confdefs.h. ##
## ----------- ##

/* confdefs.h */
#define PACKAGE_NAME ""
#define PACKAGE_TARNAME ""
#define PACKAGE_VERSION ""
#define PACKAGE_STRING ""
#define PACKAGE_BUGREPORT ""
#define PACKAGE_URL ""
#define HAVE_LIBPCRE 1
#define STDC_HEADERS 1
#define HAVE_SYS_TYPES_H 1
#define HAVE_SYS_STAT_H 1
#define HAVE_STDLIB_H 1
#define HAVE_STRING_H 1
#define HAVE_MEMORY_H 1
#define HAVE_STRINGS_H 1
#define HAVE_INTTYPES_H 1
#define HAVE_STDINT_H 1
#define HAVE_UNISTD_H 1

configure: exit 0
