This file contains any messages produced by compilers while
running configure, to aid debugging if configure makes a mistake.

It was created by configure, which was
generated by GNU Autoconf 2.69.  Invocation command line was

  $ ./configure CFLAGS=-D PTHREAD_MUTEX_ERRORCHECK_NP

## --------- ##
## Platform. ##
## --------- ##

hostname = ubuntu
uname -m = x86_64
uname -r = 4.18.0-22-generic
uname -s = Linux
uname -v = #23~18.04.1-Ubuntu SMP Thu Jun 6 08:37:25 UTC 2019

/usr/bin/uname -p = unknown
/bin/uname -X     = unknown

/bin/arch              = unknown
/usr/bin/arch -k       = unknown
/usr/convex/getsysinfo = unknown
/usr/bin/hostinfo      = unknown
/bin/machine           = unknown
/usr/bin/oslevel       = unknown
/bin/universe          = unknown

PATH: /usr/include/emsdk/emscripten/1.38.30/system/bin
PATH: /usr/local/sbin
PATH: /usr/local/bin
PATH: /usr/sbin
PATH: /usr/bin
PATH: /sbin
PATH: /bin
PATH: /usr/games
PATH: /usr/local/games
PATH: /usr/include/emsdk
PATH: /usr/include/emsdk/clang/e1.38.30_64bit
PATH: /usr/include/emsdk/node/8.9.1_64bit/bin
PATH: /usr/include/emsdk/emscripten/1.38.30
PATH: /usr/local/sbin
PATH: /usr/local/bin
PATH: /usr/sbin
PATH: /usr/bin
PATH: /sbin
PATH: /bin
PATH: /snap/bin


## ----------- ##
## Core tests. ##
## ----------- ##

configure:3230: checking build system type
configure:3244: result: x86_64-unknown-linux-gnu
configure:3264: checking host system type
configure:3277: result: x86_64-unknown-linux-gnu
configure:3315: checking host system type... x86_64-unknown-linux-gnu
configure:3414: checking /home/quantumech/Desktop/XSB-Web-IDE/Analysis/XSB_Port_attempt_2/XSB/lib
configure:3416: result: OK
configure:3421: checking /home/quantumech/Desktop/XSB-Web-IDE/Analysis/XSB_Port_attempt_2/XSB/syslib
configure:3423: result: OK
configure:3428: checking /home/quantumech/Desktop/XSB-Web-IDE/Analysis/XSB_Port_attempt_2/XSB/cmplib
configure:3430: result: OK
configure:3441: checking /home/quantumech/Desktop/XSB-Web-IDE/Analysis/XSB_Port_attempt_2/XSB/bin
configure:3443: result: OK
configure:3448: checking /home/quantumech/Desktop/XSB-Web-IDE/Analysis/XSB_Port_attempt_2/XSB/config/x86_64-unknown-linux-gnu/bin
configure:3450: result: OK
configure:3455: checking /home/quantumech/Desktop/XSB-Web-IDE/Analysis/XSB_Port_attempt_2/XSB/config/x86_64-unknown-linux-gnu/lib
configure:3457: result: OK
configure:3462: checking /home/quantumech/Desktop/XSB-Web-IDE/Analysis/XSB_Port_attempt_2/XSB/config/x86_64-unknown-linux-gnu/saved.o
configure:3464: result: OK
configure:3469: checking /home/quantumech/Desktop/XSB-Web-IDE/Analysis/XSB_Port_attempt_2/XSB/site/lib
configure:3471: result: OK
configure:3476: checking /home/quantumech/Desktop/XSB-Web-IDE/Analysis/XSB_Port_attempt_2/XSB/site/config/x86_64-unknown-linux-gnu/lib
configure:3478: result: OK
configure:3483: checking /home/quantumech/Desktop/XSB-Web-IDE/Analysis/XSB_Port_attempt_2/XSB/emu
configure:3485: result: OK
configure:3490: checking /home/quantumech/Desktop/XSB-Web-IDE/Analysis/XSB_Port_attempt_2/XSB/lib
configure:3492: result: OK
configure:3497: checking /home/quantumech/Desktop/XSB-Web-IDE/Analysis/XSB_Port_attempt_2/XSB/syslib
configure:3499: result: OK
configure:3504: checking /home/quantumech/Desktop/XSB-Web-IDE/Analysis/XSB_Port_attempt_2/XSB/cmplib
configure:3506: result: OK
configure:3511: checking /home/quantumech/Desktop/XSB-Web-IDE/Analysis/XSB_Port_attempt_2/XSB/bin
configure:3513: result: OK
configure:3518: checking /home/quantumech/Desktop/XSB-Web-IDE/Analysis/XSB_Port_attempt_2/XSB/build
configure:3520: result: OK
configure:3525: checking /home/quantumech/Desktop/XSB-Web-IDE/Analysis/XSB_Port_attempt_2/XSB/config/x86_64-unknown-linux-gnu/bin
configure:3527: result: OK
configure:3532: checking /home/quantumech/Desktop/XSB-Web-IDE/Analysis/XSB_Port_attempt_2/XSB/config/x86_64-unknown-linux-gnu/lib
configure:3534: result: OK
configure:3539: checking /home/quantumech/Desktop/XSB-Web-IDE/Analysis/XSB_Port_attempt_2/XSB/config/x86_64-unknown-linux-gnu/saved.o
configure:3541: result: OK
configure:3546: checking /home/quantumech/Desktop/XSB-Web-IDE/Analysis/XSB_Port_attempt_2/XSB/etc
configure:3548: result: OK
configure:3553: checking /home/quantumech/Desktop/XSB-Web-IDE/Analysis/XSB_Port_attempt_2/XSB/packages
configure:3555: result: OK
configure:3560: checking /home/quantumech/Desktop/XSB-Web-IDE/Analysis/XSB_Port_attempt_2/XSB/packages/xmc
configure:3562: result: OK
configure:3567: checking /home/quantumech/Desktop/XSB-Web-IDE/Analysis/XSB_Port_attempt_2/XSB/examples
configure:3569: result: OK
configure:3574: checking /home/quantumech/Desktop/XSB-Web-IDE/Analysis/XSB_Port_attempt_2/XSB/prolog_includes
configure:3576: result: OK
configure:3642: checking for gcc
configure:3669: result: /usr/include/emsdk/emscripten/1.38.30/emcc
configure:3898: checking for C compiler version
configure:3907: /usr/include/emsdk/emscripten/1.38.30/emcc --version >&5
emcc (Emscripten gcc/clang-like replacement) 1.38.30 (commit 9538381d56272818cba77a808ba46fdac6c961c8)
Copyright (C) 2014 the Emscripten authors (see AUTHORS.txt)
This is free and open source software under the MIT license.
There is NO warranty; not even for MERCHANTABILITY or FITNESS FOR A PARTICULAR PURPOSE.
  
configure:3918: $? = 0
configure:3907: /usr/include/emsdk/emscripten/1.38.30/emcc -v >&5
emcc (Emscripten gcc/clang-like replacement + linker emulating GNU ld) 1.38.30
clang version 6.0.1  (emscripten 1.38.30 : 1.38.30)
Target: x86_64-unknown-linux-gnu
Thread model: posix
InstalledDir: /usr/include/emsdk/clang/e1.38.30_64bit
Found candidate GCC installation: /usr/lib/gcc/x86_64-linux-gnu/7
Found candidate GCC installation: /usr/lib/gcc/x86_64-linux-gnu/7.4.0
Found candidate GCC installation: /usr/lib/gcc/x86_64-linux-gnu/8
Selected GCC installation: /usr/lib/gcc/x86_64-linux-gnu/7.4.0
Candidate multilib: .;@m64
... rest of stderr output deleted ...
configure:3918: $? = 0
configure:3907: /usr/include/emsdk/emscripten/1.38.30/emcc -V >&5
shared:ERROR: no input files
note that input files without a known suffix are ignored, make sure your input files end with one of: ('.c', '.C', '.i', '.cpp', '.cxx', '.cc', '.c++', '.CPP', '.CXX', '.CC', '.C++', '.ii', '.m', '.mi', '.mm', '.mii', '/dev/null', '.bc', '.o', '.obj', '.lo', '.dylib', '.so', '.a', '.ll', '.h', '.hxx', '.hpp', '.hh', '.H', '.HXX', '.HPP', '.HH')
configure:3918: $? = 1
configure:3907: /usr/include/emsdk/emscripten/1.38.30/emcc -qversion >&5
shared:ERROR: no input files
note that input files without a known suffix are ignored, make sure your input files end with one of: ('.c', '.C', '.i', '.cpp', '.cxx', '.cc', '.c++', '.CPP', '.CXX', '.CC', '.C++', '.ii', '.m', '.mi', '.mm', '.mii', '/dev/null', '.bc', '.o', '.obj', '.lo', '.dylib', '.so', '.a', '.ll', '.h', '.hxx', '.hpp', '.hh', '.H', '.HXX', '.HPP', '.HH')
configure:3918: $? = 1
configure:3938: checking whether the C compiler works
configure:3960: /usr/include/emsdk/emscripten/1.38.30/emcc -D PTHREAD_MUTEX_ERRORCHECK_NP   conftest.c  >&5
configure:3964: $? = 0
configure:4012: result: yes
configure:4015: checking for C compiler default output file name
configure:4017: result: a.out
configure:4023: checking for suffix of executables
configure:4030: /usr/include/emsdk/emscripten/1.38.30/emcc -o conftest -D PTHREAD_MUTEX_ERRORCHECK_NP   conftest.c  >&5
configure:4034: $? = 0
configure:4056: result: 
configure:4078: checking whether we are cross compiling
configure:4086: /usr/include/emsdk/emscripten/1.38.30/emcc -o conftest -D PTHREAD_MUTEX_ERRORCHECK_NP   conftest.c  >&5
configure:4090: $? = 0
configure:4097: ./conftest
configure:4101: $? = 0
configure:4116: result: no
configure:4121: checking for suffix of object files
configure:4143: /usr/include/emsdk/emscripten/1.38.30/emcc -c -D PTHREAD_MUTEX_ERRORCHECK_NP  conftest.c >&5
configure:4147: $? = 0
configure:4168: result: o
configure:4172: checking whether we are using the GNU C compiler
configure:4191: /usr/include/emsdk/emscripten/1.38.30/emcc -c -D PTHREAD_MUTEX_ERRORCHECK_NP  conftest.c >&5
configure:4191: $? = 0
configure:4200: result: yes
configure:4209: checking whether /usr/include/emsdk/emscripten/1.38.30/emcc accepts -g
configure:4229: /usr/include/emsdk/emscripten/1.38.30/emcc -c -g  conftest.c >&5
configure:4229: $? = 0
configure:4270: result: yes
configure:4287: checking for /usr/include/emsdk/emscripten/1.38.30/emcc option to accept ISO C89
configure:4350: /usr/include/emsdk/emscripten/1.38.30/emcc  -c -D PTHREAD_MUTEX_ERRORCHECK_NP  conftest.c >&5
configure:4350: $? = 0
configure:4363: result: none needed
configure:4388: checking how to run the C preprocessor
configure:4419: /usr/include/emsdk/emscripten/1.38.30/emcc -E  conftest.c
configure:4419: $? = 0
configure:4433: /usr/include/emsdk/emscripten/1.38.30/emcc -E  conftest.c
conftest.c:19:10: fatal error: 'ac_nonexistent.h' file not found
#include <ac_nonexistent.h>
         ^~~~~~~~~~~~~~~~~~
1 error generated.
configure:4433: $? = 1
configure: failed program was:
| /* confdefs.h */
| #define PACKAGE_NAME ""
| #define PACKAGE_TARNAME ""
| #define PACKAGE_VERSION ""
| #define PACKAGE_STRING ""
| #define PACKAGE_BUGREPORT ""
| #define PACKAGE_URL ""
| #define CONFIG_INCLUDED 1
| #define ___ALWAYS_TRUE___ 1
| #define XSB_VERSION "3.7. (Clan MacGregor)"
| #define RELEASE_DATE 2016-07-06
| #define RELEASE_YEAR 2016
| #define RELEASE_MONTH 7
| #define RELEASE_DAY 6
| #define LOCAL_EVAL 1
| #define GC 1
| #define SLG_GC 1
| /* end confdefs.h.  */
| #include <ac_nonexistent.h>
configure:4458: result: /usr/include/emsdk/emscripten/1.38.30/emcc -E
configure:4478: /usr/include/emsdk/emscripten/1.38.30/emcc -E  conftest.c
configure:4478: $? = 0
configure:4492: /usr/include/emsdk/emscripten/1.38.30/emcc -E  conftest.c
conftest.c:19:10: fatal error: 'ac_nonexistent.h' file not found
#include <ac_nonexistent.h>
         ^~~~~~~~~~~~~~~~~~
1 error generated.
configure:4492: $? = 1
configure: failed program was:
| /* confdefs.h */
| #define PACKAGE_NAME ""
| #define PACKAGE_TARNAME ""
| #define PACKAGE_VERSION ""
| #define PACKAGE_STRING ""
| #define PACKAGE_BUGREPORT ""
| #define PACKAGE_URL ""
| #define CONFIG_INCLUDED 1
| #define ___ALWAYS_TRUE___ 1
| #define XSB_VERSION "3.7. (Clan MacGregor)"
| #define RELEASE_DATE 2016-07-06
| #define RELEASE_YEAR 2016
| #define RELEASE_MONTH 7
| #define RELEASE_DAY 6
| #define LOCAL_EVAL 1
| #define GC 1
| #define SLG_GC 1
| /* end confdefs.h.  */
| #include <ac_nonexistent.h>
configure:4534: checking for a BSD-compatible install
configure:4602: result: /usr/bin/install -c
configure:4615: checking for grep that handles long lines and -e
configure:4673: result: /bin/grep
configure:4678: checking for egrep
configure:4740: result: /bin/grep -E
configure:4745: checking for ANSI C header files
configure:4765: /usr/include/emsdk/emscripten/1.38.30/emcc -c -D PTHREAD_MUTEX_ERRORCHECK_NP  conftest.c >&5
configure:4765: $? = 0
configure:4838: /usr/include/emsdk/emscripten/1.38.30/emcc -o conftest -D PTHREAD_MUTEX_ERRORCHECK_NP   conftest.c  >&5
configure:4838: $? = 0
configure:4838: ./conftest
configure:4838: $? = 0
configure:4849: result: yes
configure:4862: checking for sys/types.h
configure:4862: /usr/include/emsdk/emscripten/1.38.30/emcc -c -D PTHREAD_MUTEX_ERRORCHECK_NP  conftest.c >&5
configure:4862: $? = 0
configure:4862: result: yes
configure:4862: checking for sys/stat.h
configure:4862: /usr/include/emsdk/emscripten/1.38.30/emcc -c -D PTHREAD_MUTEX_ERRORCHECK_NP  conftest.c >&5
configure:4862: $? = 0
configure:4862: result: yes
configure:4862: checking for stdlib.h
configure:4862: /usr/include/emsdk/emscripten/1.38.30/emcc -c -D PTHREAD_MUTEX_ERRORCHECK_NP  conftest.c >&5
configure:4862: $? = 0
configure:4862: result: yes
configure:4862: checking for string.h
configure:4862: /usr/include/emsdk/emscripten/1.38.30/emcc -c -D PTHREAD_MUTEX_ERRORCHECK_NP  conftest.c >&5
configure:4862: $? = 0
configure:4862: result: yes
configure:4862: checking for memory.h
configure:4862: /usr/include/emsdk/emscripten/1.38.30/emcc -c -D PTHREAD_MUTEX_ERRORCHECK_NP  conftest.c >&5
configure:4862: $? = 0
configure:4862: result: yes
configure:4862: checking for strings.h
configure:4862: /usr/include/emsdk/emscripten/1.38.30/emcc -c -D PTHREAD_MUTEX_ERRORCHECK_NP  conftest.c >&5
configure:4862: $? = 0
configure:4862: result: yes
configure:4862: checking for inttypes.h
configure:4862: /usr/include/emsdk/emscripten/1.38.30/emcc -c -D PTHREAD_MUTEX_ERRORCHECK_NP  conftest.c >&5
configure:4862: $? = 0
configure:4862: result: yes
configure:4862: checking for stdint.h
configure:4862: /usr/include/emsdk/emscripten/1.38.30/emcc -c -D PTHREAD_MUTEX_ERRORCHECK_NP  conftest.c >&5
configure:4862: $? = 0
configure:4862: result: yes
configure:4862: checking for unistd.h
configure:4862: /usr/include/emsdk/emscripten/1.38.30/emcc -c -D PTHREAD_MUTEX_ERRORCHECK_NP  conftest.c >&5
configure:4862: $? = 0
configure:4862: result: yes
configure:4875: checking minix/config.h usability
configure:4875: /usr/include/emsdk/emscripten/1.38.30/emcc -c -D PTHREAD_MUTEX_ERRORCHECK_NP  conftest.c >&5
conftest.c:62:10: fatal error: 'minix/config.h' file not found
#include <minix/config.h>
         ^~~~~~~~~~~~~~~~
1 error generated.
shared:ERROR: compiler frontend failed to generate LLVM bitcode, halting
configure:4875: $? = 1
configure: failed program was:
| /* confdefs.h */
| #define PACKAGE_NAME ""
| #define PACKAGE_TARNAME ""
| #define PACKAGE_VERSION ""
| #define PACKAGE_STRING ""
| #define PACKAGE_BUGREPORT ""
| #define PACKAGE_URL ""
| #define CONFIG_INCLUDED 1
| #define ___ALWAYS_TRUE___ 1
| #define XSB_VERSION "3.7. (Clan MacGregor)"
| #define RELEASE_DATE 2016-07-06
| #define RELEASE_YEAR 2016
| #define RELEASE_MONTH 7
| #define RELEASE_DAY 6
| #define LOCAL_EVAL 1
| #define GC 1
| #define SLG_GC 1
| #define STDC_HEADERS 1
| #define HAVE_SYS_TYPES_H 1
| #define HAVE_SYS_STAT_H 1
| #define HAVE_STDLIB_H 1
| #define HAVE_STRING_H 1
| #define HAVE_MEMORY_H 1
| #define HAVE_STRINGS_H 1
| #define HAVE_INTTYPES_H 1
| #define HAVE_STDINT_H 1
| #define HAVE_UNISTD_H 1
| /* end confdefs.h.  */
| #include <stdio.h>
| #ifdef HAVE_SYS_TYPES_H
| # include <sys/types.h>
| #endif
| #ifdef HAVE_SYS_STAT_H
| # include <sys/stat.h>
| #endif
| #ifdef STDC_HEADERS
| # include <stdlib.h>
| # include <stddef.h>
| #else
| # ifdef HAVE_STDLIB_H
| #  include <stdlib.h>
| # endif
| #endif
| #ifdef HAVE_STRING_H
| # if !defined STDC_HEADERS && defined HAVE_MEMORY_H
| #  include <memory.h>
| # endif
| # include <string.h>
| #endif
| #ifdef HAVE_STRINGS_H
| # include <strings.h>
| #endif
| #ifdef HAVE_INTTYPES_H
| # include <inttypes.h>
| #endif
| #ifdef HAVE_STDINT_H
| # include <stdint.h>
| #endif
| #ifdef HAVE_UNISTD_H
| # include <unistd.h>
| #endif
| #include <minix/config.h>
configure:4875: result: no
configure:4875: checking minix/config.h presence
configure:4875: /usr/include/emsdk/emscripten/1.38.30/emcc -E  conftest.c
conftest.c:29:10: fatal error: 'minix/config.h' file not found
#include <minix/config.h>
         ^~~~~~~~~~~~~~~~
1 error generated.
configure:4875: $? = 1
configure: failed program was:
| /* confdefs.h */
| #define PACKAGE_NAME ""
| #define PACKAGE_TARNAME ""
| #define PACKAGE_VERSION ""
| #define PACKAGE_STRING ""
| #define PACKAGE_BUGREPORT ""
| #define PACKAGE_URL ""
| #define CONFIG_INCLUDED 1
| #define ___ALWAYS_TRUE___ 1
| #define XSB_VERSION "3.7. (Clan MacGregor)"
| #define RELEASE_DATE 2016-07-06
| #define RELEASE_YEAR 2016
| #define RELEASE_MONTH 7
| #define RELEASE_DAY 6
| #define LOCAL_EVAL 1
| #define GC 1
| #define SLG_GC 1
| #define STDC_HEADERS 1
| #define HAVE_SYS_TYPES_H 1
| #define HAVE_SYS_STAT_H 1
| #define HAVE_STDLIB_H 1
| #define HAVE_STRING_H 1
| #define HAVE_MEMORY_H 1
| #define HAVE_STRINGS_H 1
| #define HAVE_INTTYPES_H 1
| #define HAVE_STDINT_H 1
| #define HAVE_UNISTD_H 1
| /* end confdefs.h.  */
| #include <minix/config.h>
configure:4875: result: no
configure:4875: checking for minix/config.h
configure:4875: result: no
configure:4896: checking whether it is safe to define __EXTENSIONS__
configure:4914: /usr/include/emsdk/emscripten/1.38.30/emcc -c -D PTHREAD_MUTEX_ERRORCHECK_NP  conftest.c >&5
configure:4914: $? = 0
configure:4921: result: yes
configure:4939: checking for gcc
configure:4955: found /usr/bin/gcc
configure:4967: result: yes
configure:4976: checking whether we are using SunPro C
configure:4987: /usr/include/emsdk/emscripten/1.38.30/emcc -c -D PTHREAD_MUTEX_ERRORCHECK_NP  conftest.c >&5
conftest.c:36:2: error: Not a  SunPro compiler :-(
#error Not a  SunPro compiler :-(
 ^
conftest.c:37:9: error: expected identifier or '('
******* ======= ******** &&&&&&&&
        ^
2 errors generated.
shared:ERROR: compiler frontend failed to generate LLVM bitcode, halting
configure:4987: $? = 1
configure: failed program was:
| /* confdefs.h */
| #define PACKAGE_NAME ""
| #define PACKAGE_TARNAME ""
| #define PACKAGE_VERSION ""
| #define PACKAGE_STRING ""
| #define PACKAGE_BUGREPORT ""
| #define PACKAGE_URL ""
| #define CONFIG_INCLUDED 1
| #define ___ALWAYS_TRUE___ 1
| #define XSB_VERSION "3.7. (Clan MacGregor)"
| #define RELEASE_DATE 2016-07-06
| #define RELEASE_YEAR 2016
| #define RELEASE_MONTH 7
| #define RELEASE_DAY 6
| #define LOCAL_EVAL 1
| #define GC 1
| #define SLG_GC 1
| #define STDC_HEADERS 1
| #define HAVE_SYS_TYPES_H 1
| #define HAVE_SYS_STAT_H 1
| #define HAVE_STDLIB_H 1
| #define HAVE_STRING_H 1
| #define HAVE_MEMORY_H 1
| #define HAVE_STRINGS_H 1
| #define HAVE_INTTYPES_H 1
| #define HAVE_STDINT_H 1
| #define HAVE_UNISTD_H 1
| #define __EXTENSIONS__ 1
| #define _ALL_SOURCE 1
| #define _GNU_SOURCE 1
| #define _POSIX_PTHREAD_SEMANTICS 1
| #define _TANDEM_SOURCE 1
| /* end confdefs.h.  */
| 
| #ifndef __SUNPRO_C
| #error Not a  SunPro compiler :-(
| ******* ======= ******** &&&&&&&&
| #endif
| 
configure:4993: result: no
configure:5137: checking whether make sets $(MAKE)
configure:5159: result: yes
configure:5175: checking size of long int
configure:5180: /usr/include/emsdk/emscripten/1.38.30/emcc -o conftest -D PTHREAD_MUTEX_ERRORCHECK_NP   conftest.c  >&5
configure:5180: $? = 0
configure:5180: ./conftest
configure:5180: $? = 0
configure:5194: result: 4
configure:5260: checking for main in -lm
configure:5279: /usr/include/emsdk/emscripten/1.38.30/emcc -o conftest -D PTHREAD_MUTEX_ERRORCHECK_NP   conftest.c -lm   >&5
configure:5279: $? = 0
configure:5288: result: yes
configure:5303: checking for main in -ldl
configure:5322: /usr/include/emsdk/emscripten/1.38.30/emcc -o conftest -D PTHREAD_MUTEX_ERRORCHECK_NP   conftest.c -ldl  -lm  >&5
configure:5322: $? = 0
configure:5331: result: yes
configure:5344: checking for main in -lnsl
configure:5363: /usr/include/emsdk/emscripten/1.38.30/emcc -o conftest -D PTHREAD_MUTEX_ERRORCHECK_NP   conftest.c -lnsl  -ldl -lm  >&5
shared:WARNING: emcc: cannot find library "nsl"
configure:5363: $? = 0
configure:5372: result: yes
configure:5385: checking for main in -lpthread
configure:5404: /usr/include/emsdk/emscripten/1.38.30/emcc -o conftest -D PTHREAD_MUTEX_ERRORCHECK_NP   conftest.c -lpthread  -lnsl -ldl -lm  >&5
shared:WARNING: emcc: cannot find library "nsl"
configure:5404: $? = 0
configure:5413: result: yes
configure:5426: checking for main in -lsocket
configure:5445: /usr/include/emsdk/emscripten/1.38.30/emcc -o conftest -D PTHREAD_MUTEX_ERRORCHECK_NP   conftest.c -lsocket  -lpthread -lnsl -ldl -lm  >&5
shared:WARNING: emcc: cannot find library "socket"
shared:WARNING: emcc: cannot find library "nsl"
configure:5445: $? = 0
configure:5454: result: yes
configure:5468: checking for readline in -lreadline
configure:5493: /usr/include/emsdk/emscripten/1.38.30/emcc -o conftest -D PTHREAD_MUTEX_ERRORCHECK_NP   conftest.c -lreadline  -lsocket -lpthread -lnsl -ldl -lm  >&5
shared:WARNING: emcc: cannot find library "readline"
shared:WARNING: emcc: cannot find library "socket"
shared:WARNING: emcc: cannot find library "nsl"
[0;33mwarning:[0m unexpected number of arguments 0 in call to 'readline', should be 1
error: undefined symbol: readline
warning: To disable errors for undefined symbols use `-s ERROR_ON_UNDEFINED_SYMBOLS=0`
Error: Aborting compilation due to previous errors
shared:ERROR: '/usr/include/emsdk/node/8.9.1_64bit/bin/node /usr/include/emsdk/emscripten/1.38.30/src/compiler.js /tmp/tmpFyCwMj.txt /usr/include/emsdk/emscripten/1.38.30/src/library_pthread_stub.js' failed (1)
configure:5493: $? = 1
configure: failed program was:
| /* confdefs.h */
| #define PACKAGE_NAME ""
| #define PACKAGE_TARNAME ""
| #define PACKAGE_VERSION ""
| #define PACKAGE_STRING ""
| #define PACKAGE_BUGREPORT ""
| #define PACKAGE_URL ""
| #define CONFIG_INCLUDED 1
| #define ___ALWAYS_TRUE___ 1
| #define XSB_VERSION "3.7. (Clan MacGregor)"
| #define RELEASE_DATE 2016-07-06
| #define RELEASE_YEAR 2016
| #define RELEASE_MONTH 7
| #define RELEASE_DAY 6
| #define LOCAL_EVAL 1
| #define GC 1
| #define SLG_GC 1
| #define STDC_HEADERS 1
| #define HAVE_SYS_TYPES_H 1
| #define HAVE_SYS_STAT_H 1
| #define HAVE_STDLIB_H 1
| #define HAVE_STRING_H 1
| #define HAVE_MEMORY_H 1
| #define HAVE_STRINGS_H 1
| #define HAVE_INTTYPES_H 1
| #define HAVE_STDINT_H 1
| #define HAVE_UNISTD_H 1
| #define __EXTENSIONS__ 1
| #define _ALL_SOURCE 1
| #define _GNU_SOURCE 1
| #define _POSIX_PTHREAD_SEMANTICS 1
| #define _TANDEM_SOURCE 1
| #define CC "/usr/include/emsdk/emscripten/1.38.30/emcc"
| #define SIZEOF_LONG_INT 4
| #define HAVE_LIBM 1
| #define HAVE_LIBDL 1
| #define HAVE_LIBNSL 1
| #define HAVE_LIBPTHREAD 1
| #define HAVE_LIBSOCKET 1
| /* end confdefs.h.  */
| 
| /* Override any GCC internal prototype to avoid an error.
|    Use char because int might match the return type of a GCC
|    builtin and then its argument prototype would still apply.  */
| #ifdef __cplusplus
| extern "C"
| #endif
| char readline ();
| int
| main ()
| {
| return readline ();
|   ;
|   return 0;
| }
configure:5502: result: no
configure:5513: checking for sched_get_priority_max
configure:5513: /usr/include/emsdk/emscripten/1.38.30/emcc -o conftest -D PTHREAD_MUTEX_ERRORCHECK_NP   conftest.c -lsocket -lpthread -lnsl -ldl -lm  >&5
shared:WARNING: emcc: cannot find library "socket"
shared:WARNING: emcc: cannot find library "nsl"
[0;33mwarning:[0m unexpected number of arguments 0 in call to 'sched_get_priority_max', should be 1
error: undefined symbol: sched_get_priority_max
warning: To disable errors for undefined symbols use `-s ERROR_ON_UNDEFINED_SYMBOLS=0`
Error: Aborting compilation due to previous errors
shared:ERROR: '/usr/include/emsdk/node/8.9.1_64bit/bin/node /usr/include/emsdk/emscripten/1.38.30/src/compiler.js /tmp/tmpzFEna2.txt /usr/include/emsdk/emscripten/1.38.30/src/library_pthread_stub.js' failed (1)
configure:5513: $? = 1
configure: failed program was:
| /* confdefs.h */
| #define PACKAGE_NAME ""
| #define PACKAGE_TARNAME ""
| #define PACKAGE_VERSION ""
| #define PACKAGE_STRING ""
| #define PACKAGE_BUGREPORT ""
| #define PACKAGE_URL ""
| #define CONFIG_INCLUDED 1
| #define ___ALWAYS_TRUE___ 1
| #define XSB_VERSION "3.7. (Clan MacGregor)"
| #define RELEASE_DATE 2016-07-06
| #define RELEASE_YEAR 2016
| #define RELEASE_MONTH 7
| #define RELEASE_DAY 6
| #define LOCAL_EVAL 1
| #define GC 1
| #define SLG_GC 1
| #define STDC_HEADERS 1
| #define HAVE_SYS_TYPES_H 1
| #define HAVE_SYS_STAT_H 1
| #define HAVE_STDLIB_H 1
| #define HAVE_STRING_H 1
| #define HAVE_MEMORY_H 1
| #define HAVE_STRINGS_H 1
| #define HAVE_INTTYPES_H 1
| #define HAVE_STDINT_H 1
| #define HAVE_UNISTD_H 1
| #define __EXTENSIONS__ 1
| #define _ALL_SOURCE 1
| #define _GNU_SOURCE 1
| #define _POSIX_PTHREAD_SEMANTICS 1
| #define _TANDEM_SOURCE 1
| #define CC "/usr/include/emsdk/emscripten/1.38.30/emcc"
| #define SIZEOF_LONG_INT 4
| #define HAVE_LIBM 1
| #define HAVE_LIBDL 1
| #define HAVE_LIBNSL 1
| #define HAVE_LIBPTHREAD 1
| #define HAVE_LIBSOCKET 1
| /* end confdefs.h.  */
| /* Define sched_get_priority_max to an innocuous variant, in case <limits.h> declares sched_get_priority_max.
|    For example, HP-UX 11i <limits.h> declares gettimeofday.  */
| #define sched_get_priority_max innocuous_sched_get_priority_max
| 
| /* System header to define __stub macros and hopefully few prototypes,
|     which can conflict with char sched_get_priority_max (); below.
|     Prefer <limits.h> to <assert.h> if __STDC__ is defined, since
|     <limits.h> exists even on freestanding compilers.  */
| 
| #ifdef __STDC__
| # include <limits.h>
| #else
| # include <assert.h>
| #endif
| 
| #undef sched_get_priority_max
| 
| /* Override any GCC internal prototype to avoid an error.
|    Use char because int might match the return type of a GCC
|    builtin and then its argument prototype would still apply.  */
| #ifdef __cplusplus
| extern "C"
| #endif
| char sched_get_priority_max ();
| /* The GNU C library defines this for functions which it implements
|     to always fail with ENOSYS.  Some functions are actually named
|     something starting with __ and the normal name is an alias.  */
| #if defined __stub_sched_get_priority_max || defined __stub___sched_get_priority_max
| choke me
| #endif
| 
| int
| main ()
| {
| return sched_get_priority_max ();
|   ;
|   return 0;
| }
configure:5513: result: no
configure:5517: checking for sched_get_priority_max in -lrt
configure:5542: /usr/include/emsdk/emscripten/1.38.30/emcc -o conftest -D PTHREAD_MUTEX_ERRORCHECK_NP   conftest.c -lrt  -lsocket -lpthread -lnsl -ldl -lm  >&5
shared:WARNING: emcc: cannot find library "socket"
shared:WARNING: emcc: cannot find library "nsl"
[0;33mwarning:[0m unexpected number of arguments 0 in call to 'sched_get_priority_max', should be 1
error: undefined symbol: sched_get_priority_max
warning: To disable errors for undefined symbols use `-s ERROR_ON_UNDEFINED_SYMBOLS=0`
Error: Aborting compilation due to previous errors
shared:ERROR: '/usr/include/emsdk/node/8.9.1_64bit/bin/node /usr/include/emsdk/emscripten/1.38.30/src/compiler.js /tmp/tmpBqGMlo.txt /usr/include/emsdk/emscripten/1.38.30/src/library_pthread_stub.js' failed (1)
configure:5542: $? = 1
configure: failed program was:
| /* confdefs.h */
| #define PACKAGE_NAME ""
| #define PACKAGE_TARNAME ""
| #define PACKAGE_VERSION ""
| #define PACKAGE_STRING ""
| #define PACKAGE_BUGREPORT ""
| #define PACKAGE_URL ""
| #define CONFIG_INCLUDED 1
| #define ___ALWAYS_TRUE___ 1
| #define XSB_VERSION "3.7. (Clan MacGregor)"
| #define RELEASE_DATE 2016-07-06
| #define RELEASE_YEAR 2016
| #define RELEASE_MONTH 7
| #define RELEASE_DAY 6
| #define LOCAL_EVAL 1
| #define GC 1
| #define SLG_GC 1
| #define STDC_HEADERS 1
| #define HAVE_SYS_TYPES_H 1
| #define HAVE_SYS_STAT_H 1
| #define HAVE_STDLIB_H 1
| #define HAVE_STRING_H 1
| #define HAVE_MEMORY_H 1
| #define HAVE_STRINGS_H 1
| #define HAVE_INTTYPES_H 1
| #define HAVE_STDINT_H 1
| #define HAVE_UNISTD_H 1
| #define __EXTENSIONS__ 1
| #define _ALL_SOURCE 1
| #define _GNU_SOURCE 1
| #define _POSIX_PTHREAD_SEMANTICS 1
| #define _TANDEM_SOURCE 1
| #define CC "/usr/include/emsdk/emscripten/1.38.30/emcc"
| #define SIZEOF_LONG_INT 4
| #define HAVE_LIBM 1
| #define HAVE_LIBDL 1
| #define HAVE_LIBNSL 1
| #define HAVE_LIBPTHREAD 1
| #define HAVE_LIBSOCKET 1
| /* end confdefs.h.  */
| 
| /* Override any GCC internal prototype to avoid an error.
|    Use char because int might match the return type of a GCC
|    builtin and then its argument prototype would still apply.  */
| #ifdef __cplusplus
| extern "C"
| #endif
| char sched_get_priority_max ();
| int
| main ()
| {
| return sched_get_priority_max ();
|   ;
|   return 0;
| }
configure:5551: result: no
configure:5562: checking stdarg.h usability
configure:5562: /usr/include/emsdk/emscripten/1.38.30/emcc -c -D PTHREAD_MUTEX_ERRORCHECK_NP  conftest.c >&5
configure:5562: $? = 0
configure:5562: result: yes
configure:5562: checking stdarg.h presence
configure:5562: /usr/include/emsdk/emscripten/1.38.30/emcc -E  conftest.c
configure:5562: $? = 0
configure:5562: result: yes
configure:5562: checking for stdarg.h
configure:5562: result: yes
configure:5581: checking sys/time.h usability
configure:5581: /usr/include/emsdk/emscripten/1.38.30/emcc -c -D PTHREAD_MUTEX_ERRORCHECK_NP  conftest.c >&5
configure:5581: $? = 0
configure:5581: result: yes
configure:5581: checking sys/time.h presence
configure:5581: /usr/include/emsdk/emscripten/1.38.30/emcc -E  conftest.c
configure:5581: $? = 0
configure:5581: result: yes
configure:5581: checking for sys/time.h
configure:5581: result: yes
configure:5592: checking whether time.h and sys/time.h may both be included
configure:5612: /usr/include/emsdk/emscripten/1.38.30/emcc -c -D PTHREAD_MUTEX_ERRORCHECK_NP  conftest.c >&5
configure:5612: $? = 0
configure:5619: result: yes
configure:5630: checking sys/resource.h usability
configure:5630: /usr/include/emsdk/emscripten/1.38.30/emcc -c -D PTHREAD_MUTEX_ERRORCHECK_NP  conftest.c >&5
configure:5630: $? = 0
configure:5630: result: yes
configure:5630: checking sys/resource.h presence
configure:5630: /usr/include/emsdk/emscripten/1.38.30/emcc -E  conftest.c
configure:5630: $? = 0
configure:5630: result: yes
configure:5630: checking for sys/resource.h
configure:5630: result: yes
configure:5647: checking for malloc
configure:5647: /usr/include/emsdk/emscripten/1.38.30/emcc -o conftest -D PTHREAD_MUTEX_ERRORCHECK_NP   conftest.c -lsocket -lpthread -lnsl -ldl -lm  >&5
shared:WARNING: emcc: cannot find library "socket"
shared:WARNING: emcc: cannot find library "nsl"
conftest.c:68:6: warning: incompatible redeclaration of library function 'malloc' [-Wincompatible-library-redeclaration]
char malloc ();
     ^
conftest.c:68:6: note: 'malloc' is a builtin with type 'void *(unsigned long)'
1 warning generated.
[0;33mwarning:[0m unexpected number of arguments 0 in call to 'malloc', should be 1
configure:5647: $? = 0
configure:5647: result: yes
configure:5664: checking for unistd.h
configure:5664: result: yes
configure:5664: checking for string.h
configure:5664: result: yes
configure:5664: checking for stdlib.h
configure:5664: result: yes
configure:5682: checking for an ANSI C-conforming const
configure:5748: /usr/include/emsdk/emscripten/1.38.30/emcc -c -D PTHREAD_MUTEX_ERRORCHECK_NP  conftest.c >&5
configure:5748: $? = 0
configure:5755: result: yes
configure:5764: checking return type of signal handlers
configure:5782: /usr/include/emsdk/emscripten/1.38.30/emcc -c -D PTHREAD_MUTEX_ERRORCHECK_NP  conftest.c >&5
conftest.c:55:8: error: indirection requires pointer operand ('void' invalid)
return *(signal (0, 0)) (0) == 1;
       ^~~~~~~~~~~~~~~~~~~~
1 error generated.
shared:ERROR: compiler frontend failed to generate LLVM bitcode, halting
configure:5782: $? = 1
configure: failed program was:
| /* confdefs.h */
| #define PACKAGE_NAME ""
| #define PACKAGE_TARNAME ""
| #define PACKAGE_VERSION ""
| #define PACKAGE_STRING ""
| #define PACKAGE_BUGREPORT ""
| #define PACKAGE_URL ""
| #define CONFIG_INCLUDED 1
| #define ___ALWAYS_TRUE___ 1
| #define XSB_VERSION "3.7. (Clan MacGregor)"
| #define RELEASE_DATE 2016-07-06
| #define RELEASE_YEAR 2016
| #define RELEASE_MONTH 7
| #define RELEASE_DAY 6
| #define LOCAL_EVAL 1
| #define GC 1
| #define SLG_GC 1
| #define STDC_HEADERS 1
| #define HAVE_SYS_TYPES_H 1
| #define HAVE_SYS_STAT_H 1
| #define HAVE_STDLIB_H 1
| #define HAVE_STRING_H 1
| #define HAVE_MEMORY_H 1
| #define HAVE_STRINGS_H 1
| #define HAVE_INTTYPES_H 1
| #define HAVE_STDINT_H 1
| #define HAVE_UNISTD_H 1
| #define __EXTENSIONS__ 1
| #define _ALL_SOURCE 1
| #define _GNU_SOURCE 1
| #define _POSIX_PTHREAD_SEMANTICS 1
| #define _TANDEM_SOURCE 1
| #define CC "/usr/include/emsdk/emscripten/1.38.30/emcc"
| #define SIZEOF_LONG_INT 4
| #define HAVE_LIBM 1
| #define HAVE_LIBDL 1
| #define HAVE_LIBNSL 1
| #define HAVE_LIBPTHREAD 1
| #define HAVE_LIBSOCKET 1
| #define HAVE_STDARG_H 1
| #define HAVE_SYS_TIME_H 1
| #define TIME_WITH_SYS_TIME 1
| #define HAVE_SYS_RESOURCE_H 1
| #define HAVE_MALLOC 1
| #define HAVE_UNISTD_H 1
| #define HAVE_STRING_H 1
| #define HAVE_STDLIB_H 1
| /* end confdefs.h.  */
| #include <sys/types.h>
| #include <signal.h>
| 
| int
| main ()
| {
| return *(signal (0, 0)) (0) == 1;
|   ;
|   return 0;
| }
configure:5789: result: void
configure:5800: checking for strdup
configure:5800: /usr/include/emsdk/emscripten/1.38.30/emcc -o conftest -D PTHREAD_MUTEX_ERRORCHECK_NP   conftest.c -lsocket -lpthread -lnsl -ldl -lm  >&5
shared:WARNING: emcc: cannot find library "socket"
shared:WARNING: emcc: cannot find library "nsl"
conftest.c:73:6: warning: incompatible redeclaration of library function 'strdup' [-Wincompatible-library-redeclaration]
char strdup ();
     ^
conftest.c:73:6: note: 'strdup' is a builtin with type 'char *(const char *)'
1 warning generated.
[0;33mwarning:[0m unexpected number of arguments 0 in call to '__strdup', should be 1
configure:5800: $? = 0
configure:5800: result: yes
configure:5800: checking for mkdir
configure:5800: /usr/include/emsdk/emscripten/1.38.30/emcc -o conftest -D PTHREAD_MUTEX_ERRORCHECK_NP   conftest.c -lsocket -lpthread -lnsl -ldl -lm  >&5
shared:WARNING: emcc: cannot find library "socket"
shared:WARNING: emcc: cannot find library "nsl"
[0;33mwarning:[0m unexpected number of arguments 0 in call to 'mkdir', should be 2
configure:5800: $? = 0
configure:5800: result: yes
configure:5819: checking for gethostbyname
configure:5819: /usr/include/emsdk/emscripten/1.38.30/emcc -o conftest -D PTHREAD_MUTEX_ERRORCHECK_NP   conftest.c -lsocket -lpthread -lnsl -ldl -lm  >&5
shared:WARNING: emcc: cannot find library "socket"
shared:WARNING: emcc: cannot find library "nsl"
[0;33mwarning:[0m unexpected number of arguments 0 in call to 'gethostbyname', should be 1
configure:5819: $? = 0
configure:5819: result: yes
configure:5819: checking for gettimeofday
configure:5819: /usr/include/emsdk/emscripten/1.38.30/emcc -o conftest -D PTHREAD_MUTEX_ERRORCHECK_NP   conftest.c -lsocket -lpthread -lnsl -ldl -lm  >&5
shared:WARNING: emcc: cannot find library "socket"
shared:WARNING: emcc: cannot find library "nsl"
[0;33mwarning:[0m unexpected number of arguments 0 in call to 'gettimeofday', should be 1
configure:5819: $? = 0
configure:5819: result: yes
configure:5819: checking for socket
configure:5819: /usr/include/emsdk/emscripten/1.38.30/emcc -o conftest -D PTHREAD_MUTEX_ERRORCHECK_NP   conftest.c -lsocket -lpthread -lnsl -ldl -lm  >&5
shared:WARNING: emcc: cannot find library "socket"
shared:WARNING: emcc: cannot find library "nsl"
[0;33mwarning:[0m unexpected number of arguments 0 in call to 'socket', should be 3
configure:5819: $? = 0
configure:5819: result: yes
configure:5819: checking for snprintf
configure:5819: /usr/include/emsdk/emscripten/1.38.30/emcc -o conftest -D PTHREAD_MUTEX_ERRORCHECK_NP   conftest.c -lsocket -lpthread -lnsl -ldl -lm  >&5
shared:WARNING: emcc: cannot find library "socket"
shared:WARNING: emcc: cannot find library "nsl"
conftest.c:78:6: warning: incompatible redeclaration of library function 'snprintf' [-Wincompatible-library-redeclaration]
char snprintf ();
     ^
conftest.c:78:6: note: 'snprintf' is a builtin with type 'int (char *, unsigned long, const char *, ...)'
1 warning generated.
[0;33mwarning:[0m unexpected number of arguments 0 in call to 'snprintf', should be 4
configure:5819: $? = 0
configure:5819: result: yes
configure:5832: checking for regexec
configure:5832: /usr/include/emsdk/emscripten/1.38.30/emcc -o conftest -D PTHREAD_MUTEX_ERRORCHECK_NP   conftest.c -lsocket -lpthread -lnsl -ldl -lm  >&5
shared:WARNING: emcc: cannot find library "socket"
shared:WARNING: emcc: cannot find library "nsl"
[0;33mwarning:[0m unexpected number of arguments 0 in call to 'regexec', should be 5
configure:5832: $? = 0
configure:5832: result: yes
configure:5832: checking for regerror
configure:5832: /usr/include/emsdk/emscripten/1.38.30/emcc -o conftest -D PTHREAD_MUTEX_ERRORCHECK_NP   conftest.c -lsocket -lpthread -lnsl -ldl -lm  >&5
shared:WARNING: emcc: cannot find library "socket"
shared:WARNING: emcc: cannot find library "nsl"
[0;33mwarning:[0m unexpected number of arguments 0 in call to 'regerror', should be 4
configure:5832: $? = 0
configure:5832: result: yes
configure:5832: checking for regcomp
configure:5832: /usr/include/emsdk/emscripten/1.38.30/emcc -o conftest -D PTHREAD_MUTEX_ERRORCHECK_NP   conftest.c -lsocket -lpthread -lnsl -ldl -lm  >&5
shared:WARNING: emcc: cannot find library "socket"
shared:WARNING: emcc: cannot find library "nsl"
[0;33mwarning:[0m unexpected number of arguments 0 in call to 'regcomp', should be 3
configure:5832: $? = 0
configure:5832: result: yes
configure:5846: checking for fnmatch
configure:5846: /usr/include/emsdk/emscripten/1.38.30/emcc -o conftest -D PTHREAD_MUTEX_ERRORCHECK_NP   conftest.c -lsocket -lpthread -lnsl -ldl -lm  >&5
shared:WARNING: emcc: cannot find library "socket"
shared:WARNING: emcc: cannot find library "nsl"
[0;33mwarning:[0m unexpected number of arguments 0 in call to 'fnmatch', should be 3
configure:5846: $? = 0
configure:5846: result: yes
configure:5846: checking for glob
configure:5846: /usr/include/emsdk/emscripten/1.38.30/emcc -o conftest -D PTHREAD_MUTEX_ERRORCHECK_NP   conftest.c -lsocket -lpthread -lnsl -ldl -lm  >&5
shared:WARNING: emcc: cannot find library "socket"
shared:WARNING: emcc: cannot find library "nsl"
[0;33mwarning:[0m unexpected number of arguments 0 in call to 'glob', should be 4
configure:5846: $? = 0
configure:5846: result: yes
configure:5846: checking for globfree
configure:5846: /usr/include/emsdk/emscripten/1.38.30/emcc -o conftest -D PTHREAD_MUTEX_ERRORCHECK_NP   conftest.c -lsocket -lpthread -lnsl -ldl -lm  >&5
shared:WARNING: emcc: cannot find library "socket"
shared:WARNING: emcc: cannot find library "nsl"
[0;33mwarning:[0m unexpected number of arguments 0 in call to 'globfree', should be 1
[0;33mwarning:[0m unexpected return type i8 in call to 'globfree', should be void
configure:5846: $? = 0
configure:5846: result: yes
configure:5860: checking for execvp
configure:5860: /usr/include/emsdk/emscripten/1.38.30/emcc -o conftest -D PTHREAD_MUTEX_ERRORCHECK_NP   conftest.c -lsocket -lpthread -lnsl -ldl -lm  >&5
shared:WARNING: emcc: cannot find library "socket"
shared:WARNING: emcc: cannot find library "nsl"
[0;33mwarning:[0m unexpected number of arguments 0 in call to 'execvp', should be 1
configure:5860: $? = 0
configure:5860: result: yes
configure:6065: checking for itkwish
configure:6097: result: no
configure:6141: checking whether loader understands -Wl,-export-dynamic
configure:6149: /usr/include/emsdk/emscripten/1.38.30/emcc -o conftest -D PTHREAD_MUTEX_ERRORCHECK_NP  -Wl,-export-dynamic conftest.c  -lsocket -lpthread -lnsl -ldl -lm  >&5
shared:WARNING: emcc: cannot find library "socket"
shared:WARNING: emcc: cannot find library "nsl"
conftest.c:64:1: warning: type specifier missing, defaults to 'int' [-Wimplicit-int]
main(){return 0;}
^
1 warning generated.
configure:6149: $? = 0
configure:6156: result: yes
configure:6380: checking for inline
configure:6396: /usr/include/emsdk/emscripten/1.38.30/emcc -c -D PTHREAD_MUTEX_ERRORCHECK_NP  conftest.c >&5
configure:6396: $? = 0
configure:6404: result: inline
configure:6826: checking for javac
configure:6844: found /usr/bin/javac
configure:6857: result: /usr/bin/javac
configure:6897: checking jni.h usability
configure:6897: /usr/include/emsdk/emscripten/1.38.30/emcc -c  -O4  -D PTHREAD_MUTEX_ERRORCHECK_NP  conftest.c >&5
emcc:WARNING: optimization level '-O4' is not supported; using '-O3' instead
clang: warning: -O4 is equivalent to -O3 [-Wdeprecated]
conftest.c:101:10: fatal error: 'jni.h' file not found
#include <jni.h>
         ^~~~~~~
1 error generated.
shared:ERROR: compiler frontend failed to generate LLVM bitcode, halting
configure:6897: $? = 1
configure: failed program was:
| /* confdefs.h */
| #define PACKAGE_NAME ""
| #define PACKAGE_TARNAME ""
| #define PACKAGE_VERSION ""
| #define PACKAGE_STRING ""
| #define PACKAGE_BUGREPORT ""
| #define PACKAGE_URL ""
| #define CONFIG_INCLUDED 1
| #define ___ALWAYS_TRUE___ 1
| #define XSB_VERSION "3.7. (Clan MacGregor)"
| #define RELEASE_DATE 2016-07-06
| #define RELEASE_YEAR 2016
| #define RELEASE_MONTH 7
| #define RELEASE_DAY 6
| #define LOCAL_EVAL 1
| #define GC 1
| #define SLG_GC 1
| #define STDC_HEADERS 1
| #define HAVE_SYS_TYPES_H 1
| #define HAVE_SYS_STAT_H 1
| #define HAVE_STDLIB_H 1
| #define HAVE_STRING_H 1
| #define HAVE_MEMORY_H 1
| #define HAVE_STRINGS_H 1
| #define HAVE_INTTYPES_H 1
| #define HAVE_STDINT_H 1
| #define HAVE_UNISTD_H 1
| #define __EXTENSIONS__ 1
| #define _ALL_SOURCE 1
| #define _GNU_SOURCE 1
| #define _POSIX_PTHREAD_SEMANTICS 1
| #define _TANDEM_SOURCE 1
| #define CC "/usr/include/emsdk/emscripten/1.38.30/emcc"
| #define SIZEOF_LONG_INT 4
| #define HAVE_LIBM 1
| #define HAVE_LIBDL 1
| #define HAVE_LIBNSL 1
| #define HAVE_LIBPTHREAD 1
| #define HAVE_LIBSOCKET 1
| #define HAVE_STDARG_H 1
| #define HAVE_SYS_TIME_H 1
| #define TIME_WITH_SYS_TIME 1
| #define HAVE_SYS_RESOURCE_H 1
| #define HAVE_MALLOC 1
| #define HAVE_UNISTD_H 1
| #define HAVE_STRING_H 1
| #define HAVE_STDLIB_H 1
| #define RETSIGTYPE void
| #define HAVE_STRDUP 1
| #define HAVE_MKDIR 1
| #define HAVE_GETHOSTBYNAME 1
| #define HAVE_GETTIMEOFDAY 1
| #define HAVE_SOCKET 1
| #define HAVE_SNPRINTF 1
| #define HAVE_REGEXEC 1
| #define HAVE_REGERROR 1
| #define HAVE_REGCOMP 1
| #define HAVE_FNMATCH 1
| #define HAVE_GLOB 1
| #define HAVE_GLOBFREE 1
| #define HAVE_EXECVP 1
| #define INSN_BLOCKS 1
| #define LINUX 1
| #define _GNU_SOURCE 1
| #define LINUX_ELF 1
| #define FOREIGN_ELF 1
| /* end confdefs.h.  */
| #include <stdio.h>
| #ifdef HAVE_SYS_TYPES_H
| # include <sys/types.h>
| #endif
| #ifdef HAVE_SYS_STAT_H
| # include <sys/stat.h>
| #endif
| #ifdef STDC_HEADERS
| # include <stdlib.h>
| # include <stddef.h>
| #else
| # ifdef HAVE_STDLIB_H
| #  include <stdlib.h>
| # endif
| #endif
| #ifdef HAVE_STRING_H
| # if !defined STDC_HEADERS && defined HAVE_MEMORY_H
| #  include <memory.h>
| # endif
| # include <string.h>
| #endif
| #ifdef HAVE_STRINGS_H
| # include <strings.h>
| #endif
| #ifdef HAVE_INTTYPES_H
| # include <inttypes.h>
| #endif
| #ifdef HAVE_STDINT_H
| # include <stdint.h>
| #endif
| #ifdef HAVE_UNISTD_H
| # include <unistd.h>
| #endif
| #include <jni.h>
configure:6897: result: no
configure:6897: checking jni.h presence
configure:6897: /usr/include/emsdk/emscripten/1.38.30/emcc -E  conftest.c
conftest.c:68:10: fatal error: 'jni.h' file not found
#include <jni.h>
         ^~~~~~~
1 error generated.
configure:6897: $? = 1
configure: failed program was:
| /* confdefs.h */
| #define PACKAGE_NAME ""
| #define PACKAGE_TARNAME ""
| #define PACKAGE_VERSION ""
| #define PACKAGE_STRING ""
| #define PACKAGE_BUGREPORT ""
| #define PACKAGE_URL ""
| #define CONFIG_INCLUDED 1
| #define ___ALWAYS_TRUE___ 1
| #define XSB_VERSION "3.7. (Clan MacGregor)"
| #define RELEASE_DATE 2016-07-06
| #define RELEASE_YEAR 2016
| #define RELEASE_MONTH 7
| #define RELEASE_DAY 6
| #define LOCAL_EVAL 1
| #define GC 1
| #define SLG_GC 1
| #define STDC_HEADERS 1
| #define HAVE_SYS_TYPES_H 1
| #define HAVE_SYS_STAT_H 1
| #define HAVE_STDLIB_H 1
| #define HAVE_STRING_H 1
| #define HAVE_MEMORY_H 1
| #define HAVE_STRINGS_H 1
| #define HAVE_INTTYPES_H 1
| #define HAVE_STDINT_H 1
| #define HAVE_UNISTD_H 1
| #define __EXTENSIONS__ 1
| #define _ALL_SOURCE 1
| #define _GNU_SOURCE 1
| #define _POSIX_PTHREAD_SEMANTICS 1
| #define _TANDEM_SOURCE 1
| #define CC "/usr/include/emsdk/emscripten/1.38.30/emcc"
| #define SIZEOF_LONG_INT 4
| #define HAVE_LIBM 1
| #define HAVE_LIBDL 1
| #define HAVE_LIBNSL 1
| #define HAVE_LIBPTHREAD 1
| #define HAVE_LIBSOCKET 1
| #define HAVE_STDARG_H 1
| #define HAVE_SYS_TIME_H 1
| #define TIME_WITH_SYS_TIME 1
| #define HAVE_SYS_RESOURCE_H 1
| #define HAVE_MALLOC 1
| #define HAVE_UNISTD_H 1
| #define HAVE_STRING_H 1
| #define HAVE_STDLIB_H 1
| #define RETSIGTYPE void
| #define HAVE_STRDUP 1
| #define HAVE_MKDIR 1
| #define HAVE_GETHOSTBYNAME 1
| #define HAVE_GETTIMEOFDAY 1
| #define HAVE_SOCKET 1
| #define HAVE_SNPRINTF 1
| #define HAVE_REGEXEC 1
| #define HAVE_REGERROR 1
| #define HAVE_REGCOMP 1
| #define HAVE_FNMATCH 1
| #define HAVE_GLOB 1
| #define HAVE_GLOBFREE 1
| #define HAVE_EXECVP 1
| #define INSN_BLOCKS 1
| #define LINUX 1
| #define _GNU_SOURCE 1
| #define LINUX_ELF 1
| #define FOREIGN_ELF 1
| /* end confdefs.h.  */
| #include <jni.h>
configure:6897: result: no
configure:6897: checking for jni.h
configure:6897: result: no
configure:6897: checking jni_md.h usability
configure:6897: /usr/include/emsdk/emscripten/1.38.30/emcc -c  -O4  -D PTHREAD_MUTEX_ERRORCHECK_NP  conftest.c >&5
emcc:WARNING: optimization level '-O4' is not supported; using '-O3' instead
clang: warning: -O4 is equivalent to -O3 [-Wdeprecated]
conftest.c:101:10: fatal error: 'jni_md.h' file not found
#include <jni_md.h>
         ^~~~~~~~~~
1 error generated.
shared:ERROR: compiler frontend failed to generate LLVM bitcode, halting
configure:6897: $? = 1
configure: failed program was:
| /* confdefs.h */
| #define PACKAGE_NAME ""
| #define PACKAGE_TARNAME ""
| #define PACKAGE_VERSION ""
| #define PACKAGE_STRING ""
| #define PACKAGE_BUGREPORT ""
| #define PACKAGE_URL ""
| #define CONFIG_INCLUDED 1
| #define ___ALWAYS_TRUE___ 1
| #define XSB_VERSION "3.7. (Clan MacGregor)"
| #define RELEASE_DATE 2016-07-06
| #define RELEASE_YEAR 2016
| #define RELEASE_MONTH 7
| #define RELEASE_DAY 6
| #define LOCAL_EVAL 1
| #define GC 1
| #define SLG_GC 1
| #define STDC_HEADERS 1
| #define HAVE_SYS_TYPES_H 1
| #define HAVE_SYS_STAT_H 1
| #define HAVE_STDLIB_H 1
| #define HAVE_STRING_H 1
| #define HAVE_MEMORY_H 1
| #define HAVE_STRINGS_H 1
| #define HAVE_INTTYPES_H 1
| #define HAVE_STDINT_H 1
| #define HAVE_UNISTD_H 1
| #define __EXTENSIONS__ 1
| #define _ALL_SOURCE 1
| #define _GNU_SOURCE 1
| #define _POSIX_PTHREAD_SEMANTICS 1
| #define _TANDEM_SOURCE 1
| #define CC "/usr/include/emsdk/emscripten/1.38.30/emcc"
| #define SIZEOF_LONG_INT 4
| #define HAVE_LIBM 1
| #define HAVE_LIBDL 1
| #define HAVE_LIBNSL 1
| #define HAVE_LIBPTHREAD 1
| #define HAVE_LIBSOCKET 1
| #define HAVE_STDARG_H 1
| #define HAVE_SYS_TIME_H 1
| #define TIME_WITH_SYS_TIME 1
| #define HAVE_SYS_RESOURCE_H 1
| #define HAVE_MALLOC 1
| #define HAVE_UNISTD_H 1
| #define HAVE_STRING_H 1
| #define HAVE_STDLIB_H 1
| #define RETSIGTYPE void
| #define HAVE_STRDUP 1
| #define HAVE_MKDIR 1
| #define HAVE_GETHOSTBYNAME 1
| #define HAVE_GETTIMEOFDAY 1
| #define HAVE_SOCKET 1
| #define HAVE_SNPRINTF 1
| #define HAVE_REGEXEC 1
| #define HAVE_REGERROR 1
| #define HAVE_REGCOMP 1
| #define HAVE_FNMATCH 1
| #define HAVE_GLOB 1
| #define HAVE_GLOBFREE 1
| #define HAVE_EXECVP 1
| #define INSN_BLOCKS 1
| #define LINUX 1
| #define _GNU_SOURCE 1
| #define LINUX_ELF 1
| #define FOREIGN_ELF 1
| /* end confdefs.h.  */
| #include <stdio.h>
| #ifdef HAVE_SYS_TYPES_H
| # include <sys/types.h>
| #endif
| #ifdef HAVE_SYS_STAT_H
| # include <sys/stat.h>
| #endif
| #ifdef STDC_HEADERS
| # include <stdlib.h>
| # include <stddef.h>
| #else
| # ifdef HAVE_STDLIB_H
| #  include <stdlib.h>
| # endif
| #endif
| #ifdef HAVE_STRING_H
| # if !defined STDC_HEADERS && defined HAVE_MEMORY_H
| #  include <memory.h>
| # endif
| # include <string.h>
| #endif
| #ifdef HAVE_STRINGS_H
| # include <strings.h>
| #endif
| #ifdef HAVE_INTTYPES_H
| # include <inttypes.h>
| #endif
| #ifdef HAVE_STDINT_H
| # include <stdint.h>
| #endif
| #ifdef HAVE_UNISTD_H
| # include <unistd.h>
| #endif
| #include <jni_md.h>
configure:6897: result: no
configure:6897: checking jni_md.h presence
configure:6897: /usr/include/emsdk/emscripten/1.38.30/emcc -E  conftest.c
conftest.c:68:10: fatal error: 'jni_md.h' file not found
#include <jni_md.h>
         ^~~~~~~~~~
1 error generated.
configure:6897: $? = 1
configure: failed program was:
| /* confdefs.h */
| #define PACKAGE_NAME ""
| #define PACKAGE_TARNAME ""
| #define PACKAGE_VERSION ""
| #define PACKAGE_STRING ""
| #define PACKAGE_BUGREPORT ""
| #define PACKAGE_URL ""
| #define CONFIG_INCLUDED 1
| #define ___ALWAYS_TRUE___ 1
| #define XSB_VERSION "3.7. (Clan MacGregor)"
| #define RELEASE_DATE 2016-07-06
| #define RELEASE_YEAR 2016
| #define RELEASE_MONTH 7
| #define RELEASE_DAY 6
| #define LOCAL_EVAL 1
| #define GC 1
| #define SLG_GC 1
| #define STDC_HEADERS 1
| #define HAVE_SYS_TYPES_H 1
| #define HAVE_SYS_STAT_H 1
| #define HAVE_STDLIB_H 1
| #define HAVE_STRING_H 1
| #define HAVE_MEMORY_H 1
| #define HAVE_STRINGS_H 1
| #define HAVE_INTTYPES_H 1
| #define HAVE_STDINT_H 1
| #define HAVE_UNISTD_H 1
| #define __EXTENSIONS__ 1
| #define _ALL_SOURCE 1
| #define _GNU_SOURCE 1
| #define _POSIX_PTHREAD_SEMANTICS 1
| #define _TANDEM_SOURCE 1
| #define CC "/usr/include/emsdk/emscripten/1.38.30/emcc"
| #define SIZEOF_LONG_INT 4
| #define HAVE_LIBM 1
| #define HAVE_LIBDL 1
| #define HAVE_LIBNSL 1
| #define HAVE_LIBPTHREAD 1
| #define HAVE_LIBSOCKET 1
| #define HAVE_STDARG_H 1
| #define HAVE_SYS_TIME_H 1
| #define TIME_WITH_SYS_TIME 1
| #define HAVE_SYS_RESOURCE_H 1
| #define HAVE_MALLOC 1
| #define HAVE_UNISTD_H 1
| #define HAVE_STRING_H 1
| #define HAVE_STDLIB_H 1
| #define RETSIGTYPE void
| #define HAVE_STRDUP 1
| #define HAVE_MKDIR 1
| #define HAVE_GETHOSTBYNAME 1
| #define HAVE_GETTIMEOFDAY 1
| #define HAVE_SOCKET 1
| #define HAVE_SNPRINTF 1
| #define HAVE_REGEXEC 1
| #define HAVE_REGERROR 1
| #define HAVE_REGCOMP 1
| #define HAVE_FNMATCH 1
| #define HAVE_GLOB 1
| #define HAVE_GLOBFREE 1
| #define HAVE_EXECVP 1
| #define INSN_BLOCKS 1
| #define LINUX 1
| #define _GNU_SOURCE 1
| #define LINUX_ELF 1
| #define FOREIGN_ELF 1
| /* end confdefs.h.  */
| #include <jni_md.h>
configure:6897: result: no
configure:6897: checking for jni_md.h
configure:6897: result: no
configure:7117: updating cache /home/quantumech/Desktop/XSB-Web-IDE/Analysis/XSB_Port_attempt_2/XSB/config/x86_64-unknown-linux-gnu/config.cache
configure:7166: creating ./config.status

## ---------------------- ##
## Running config.status. ##
## ---------------------- ##

This file was extended by config.status, which was
generated by GNU Autoconf 2.69.  Invocation command line was

  CONFIG_FILES    = 
  CONFIG_HEADERS  = 
  CONFIG_LINKS    = 
  CONFIG_COMMANDS = 
  $ ./config.status 

on ubuntu

config.status:: creating /home/quantumech/Desktop/XSB-Web-IDE/Analysis/XSB_Port_attempt_2/XSB/config/x86_64-unknown-linux-gnu/topMakefile
config.status:: creating /home/quantumech/Desktop/XSB-Web-IDE/Analysis/XSB_Port_attempt_2/XSB/config/x86_64-unknown-linux-gnu/emuMakefile
config.status:: creating /home/quantumech/Desktop/XSB-Web-IDE/Analysis/XSB_Port_attempt_2/XSB/config/x86_64-unknown-linux-gnu/modMakefile
config.status:: creating /home/quantumech/Desktop/XSB-Web-IDE/Analysis/XSB_Port_attempt_2/XSB/config/x86_64-unknown-linux-gnu/gppMakefile
config.status:: creating /home/quantumech/Desktop/XSB-Web-IDE/Analysis/XSB_Port_attempt_2/XSB/config/x86_64-unknown-linux-gnu/smoMakefile
config.status:: creating /home/quantumech/Desktop/XSB-Web-IDE/Analysis/XSB_Port_attempt_2/XSB/config/x86_64-unknown-linux-gnu/makedef.sh
config.status:: creating /home/quantumech/Desktop/XSB-Web-IDE/Analysis/XSB_Port_attempt_2/XSB/config/x86_64-unknown-linux-gnu/lib/xsb_configuration.P
config.status:: creating windows/xsb_configuration.P
config.status:: creating windows64/xsb_configuration.P
config.status:: creating makexsb
config.status:: creating /home/quantumech/Desktop/XSB-Web-IDE/Analysis/XSB_Port_attempt_2/XSB/bin/chr_pp
config.status:: creating /home/quantumech/Desktop/XSB-Web-IDE/Analysis/XSB_Port_attempt_2/XSB/bin/xsb
config.status:: creating /home/quantumech/Desktop/XSB-Web-IDE/Analysis/XSB_Port_attempt_2/XSB/config/x86_64-unknown-linux-gnu/banner.msg
config.status:: creating windows/banner.msg
config.status:: creating windows64/banner.msg
config.status:: creating windows/MSVC_mkfile.mak
config.status:: creating windows64/MSVC_mkfile.mak
config.status:: creating /home/quantumech/Desktop/XSB-Web-IDE/Analysis/XSB_Port_attempt_2/XSB/packages/xmc/xmc-gui
config.status:: creating /home/quantumech/Desktop/XSB-Web-IDE/Analysis/XSB_Port_attempt_2/XSB/config/x86_64-unknown-linux-gnu/xsb_config.h
config.status:: /home/quantumech/Desktop/XSB-Web-IDE/Analysis/XSB_Port_attempt_2/XSB/config/x86_64-unknown-linux-gnu/xsb_config.h is unchanged
config.status:: creating windows/xsb_config.h
config.status:: windows/xsb_config.h is unchanged
config.status:: creating windows/xsb_debug.h
config.status:: windows/xsb_debug.h is unchanged
config.status:: creating windows64/xsb_config.h
config.status:: windows64/xsb_config.h is unchanged
config.status:: creating windows64/xsb_debug.h
config.status:: windows64/xsb_debug.h is unchanged
config.status:: creating /home/quantumech/Desktop/XSB-Web-IDE/Analysis/XSB_Port_attempt_2/XSB/config/x86_64-unknown-linux-gnu/xsb_debug.h
config.status:: /home/quantumech/Desktop/XSB-Web-IDE/Analysis/XSB_Port_attempt_2/XSB/config/x86_64-unknown-linux-gnu/xsb_debug.h is unchanged

## ---------------- ##
## Cache variables. ##
## ---------------- ##

ac_cv_build=x86_64-unknown-linux-gnu
ac_cv_c_compiler_gnu=yes
ac_cv_c_const=yes
ac_cv_c_inline=inline
ac_cv_env_CCC_set=
ac_cv_env_CCC_value=
ac_cv_env_CC_set=set
ac_cv_env_CC_value=/usr/include/emsdk/emscripten/1.38.30/emcc
ac_cv_env_CFLAGS_set=set
ac_cv_env_CFLAGS_value='-D PTHREAD_MUTEX_ERRORCHECK_NP'
ac_cv_env_CPPFLAGS_set=
ac_cv_env_CPPFLAGS_value=
ac_cv_env_CPP_set=
ac_cv_env_CPP_value=
ac_cv_env_CXXFLAGS_set=
ac_cv_env_CXXFLAGS_value=
ac_cv_env_CXX_set=set
ac_cv_env_CXX_value=/usr/include/emsdk/emscripten/1.38.30/em++
ac_cv_env_LDFLAGS_set=
ac_cv_env_LDFLAGS_value=
ac_cv_env_LIBS_set=
ac_cv_env_LIBS_value=
ac_cv_env_build_alias_set=
ac_cv_env_build_alias_value=
ac_cv_env_host_alias_set=
ac_cv_env_host_alias_value=
ac_cv_env_target_alias_set=
ac_cv_env_target_alias_value=
ac_cv_func_execvp=yes
ac_cv_func_fnmatch=yes
ac_cv_func_gethostbyname=yes
ac_cv_func_gettimeofday=yes
ac_cv_func_glob=yes
ac_cv_func_globfree=yes
ac_cv_func_malloc=yes
ac_cv_func_mkdir=yes
ac_cv_func_regcomp=yes
ac_cv_func_regerror=yes
ac_cv_func_regexec=yes
ac_cv_func_sched_get_priority_max=no
ac_cv_func_snprintf=yes
ac_cv_func_socket=yes
ac_cv_func_strdup=yes
ac_cv_header_inttypes_h=yes
ac_cv_header_jni_h=no
ac_cv_header_jni_md_h=no
ac_cv_header_memory_h=yes
ac_cv_header_minix_config_h=no
ac_cv_header_stdarg_h=yes
ac_cv_header_stdc=yes
ac_cv_header_stdint_h=yes
ac_cv_header_stdlib_h=yes
ac_cv_header_string_h=yes
ac_cv_header_strings_h=yes
ac_cv_header_sys_resource_h=yes
ac_cv_header_sys_stat_h=yes
ac_cv_header_sys_time_h=yes
ac_cv_header_sys_types_h=yes
ac_cv_header_time=yes
ac_cv_header_unistd_h=yes
ac_cv_host=x86_64-unknown-linux-gnu
ac_cv_lib_dl_main=yes
ac_cv_lib_m_main=yes
ac_cv_lib_nsl_main=yes
ac_cv_lib_pthread_main=yes
ac_cv_lib_readline_readline=no
ac_cv_lib_rt_sched_get_priority_max=no
ac_cv_lib_socket_main=yes
ac_cv_objext=o
ac_cv_path_EGREP='/bin/grep -E'
ac_cv_path_GREP=/bin/grep
ac_cv_path_install='/usr/bin/install -c'
ac_cv_path_itkwish_path=no
ac_cv_path_java_path=/usr/bin/javac
ac_cv_prog_CPP='/usr/include/emsdk/emscripten/1.38.30/emcc -E'
ac_cv_prog_ac_ct_CC=/usr/include/emsdk/emscripten/1.38.30/emcc
ac_cv_prog_cc_c89=
ac_cv_prog_cc_g=yes
ac_cv_prog_has_gcc=yes
ac_cv_prog_make_make_set=yes
ac_cv_safe_to_define___extensions__=yes
ac_cv_sizeof_long_int=4
ac_cv_type_signal=void

## ----------------- ##
## Output variables. ##
## ----------------- ##

CC='/usr/include/emsdk/emscripten/1.38.30/emcc'
CFLAGS=' -O4  -D PTHREAD_MUTEX_ERRORCHECK_NP'
CPP='/usr/include/emsdk/emscripten/1.38.30/emcc -E'
CPPFLAGS=''
CROSS_SIMULATOR=''
CXX='/usr/include/emsdk/emscripten/1.38.30/em++'
CXXFLAGS=''
DEFS='-DHAVE_CONFIG_H'
DLLTYPE='nodll'
DYNMOD_LDFLAGS='-shared'
DYNMOD_SHAREDLIB_EXTENSION='so'
ECHO_C=''
ECHO_N='-n'
ECHO_T=''
EGREP='/bin/grep -E'
EXEEXT=''
GPPCFLAGS=''
GPPWNTFLAG=''
GREP='/bin/grep'
INSTALL_DATA='${INSTALL} -m 644'
INSTALL_PROGRAM='${INSTALL}'
INSTALL_SCRIPT='${INSTALL}'
INTERPROLOGOBJ=''
INTERPROLOGSRC=''
JAVA_HEADER_PATH=''
JAVA_PLATFORM_HEADER_PATH=''
LD='ld'
LDFLAGS='  -lm -ldl -Wl,-export-dynamic -lpthread'
LIBOBJS=''
LIBS=' -lsocket -lpthread -lnsl -ldl -lm '
LTLIBOBJS=''
MEMFLAG=''
OBJEXT='o'
ODBCOBJ=''
ODBCSRC=''
ODBC_CFLAGS=''
PACKAGE_BUGREPORT=''
PACKAGE_NAME=''
PACKAGE_STRING=''
PACKAGE_TARNAME=''
PACKAGE_URL=''
PACKAGE_VERSION=''
PATH_SEPARATOR=':'
SET_MAKE=''
SHELL='/bin/sh'
XASPDEFFILE=''
XASPLIBNAME=''
XSBMOD_LDFLAGS=' '
XSB_INTERPROLOG=''
ac_ct_CC='/usr/include/emsdk/emscripten/1.38.30/emcc'
ac_ct_CXX=''
arch_bindir='/home/quantumech/Desktop/XSB-Web-IDE/Analysis/XSB_Port_attempt_2/XSB/config/x86_64-unknown-linux-gnu/bin'
arch_config_file='/home/quantumech/Desktop/XSB-Web-IDE/Analysis/XSB_Port_attempt_2/XSB/config/x86_64-unknown-linux-gnu/lib/xsb_configuration.P'
arch_config_prefix='/home/quantumech/Desktop/XSB-Web-IDE/Analysis/XSB_Port_attempt_2/XSB/config/x86_64-unknown-linux-gnu'
arch_install_config_prefix='/home/quantumech/Desktop/XSB-Web-IDE/Analysis/XSB_Port_attempt_2/XSB/config/x86_64-unknown-linux-gnu'
bindir='${exec_prefix}/bin'
build='x86_64-unknown-linux-gnu'
build_alias=''
build_cpu='x86_64'
build_os='linux-gnu'
build_vendor='unknown'
builtinsCFLAGS='   -D PTHREAD_MUTEX_ERRORCHECK_NP'
canonical='x86_64-unknown-linux-gnu'
compile_mode='optimal'
config_ln_command='ln -s '
config_tag=''
datadir='${datarootdir}'
datarootdir='${prefix}/share'
docdir='${datarootdir}/doc/${PACKAGE}'
dvidir='${docdir}'
emuloopCFLAGS='   -D PTHREAD_MUTEX_ERRORCHECK_NP'
emumake_goal='xsb'
engine_mode='slg-wam'
exec_prefix='${prefix}'
full_config_name='x86_64-unknown-linux-gnu'
has_gcc='yes'
host='x86_64-unknown-linux-gnu'
host_alias=''
host_cpu='x86_64'
host_os='linux-gnu'
host_vendor='unknown'
htmldir='${docdir}'
includedir='${prefix}/include'
infodir='${datarootdir}/info'
itkwish_path='no'
java_compiler='/usr/bin/javac'
java_path='/usr/include'
libdir='/home/quantumech/Desktop/XSB-Web-IDE/Analysis/XSB_Port_attempt_2/XSB/lib'
libexecdir='${exec_prefix}/libexec'
loaderCFLAGS='   -D PTHREAD_MUTEX_ERRORCHECK_NP'
localedir='${datarootdir}/locale'
localstatedir='${prefix}/var'
mandir='${datarootdir}/man'
mno_cyg_inclib=''
mno_cyg_lib=''
mt_mode=''
oldincludedir='/usr/include'
os_type='linux-gnu'
os_version=''
pdfdir='${docdir}'
prefix='/home/quantumech/Desktop/XSB-Web-IDE/Analysis/XSB_Port_attempt_2/XSB'
program_transform_name='s,x,x,'
psdir='${docdir}'
regmatch_support='yes'
release_day='6'
release_month='7'
release_monthname='July'
release_year='2016'
sbindir='${exec_prefix}/sbin'
sharedstatedir='${prefix}/com'
site_prefix='/home/quantumech/Desktop/XSB-Web-IDE/Analysis/XSB_Port_attempt_2/XSB/site'
smoCFLAGS=''
smoLDFLAGS=''
smoLIB=''
smodels_goal='nope'
sysconfdir='${prefix}/etc'
target_alias=''
topdir='/home/quantumech/Desktop/XSB-Web-IDE/Analysis/XSB_Port_attempt_2/XSB'
trutilsCFLAGS='   -D PTHREAD_MUTEX_ERRORCHECK_NP'
wildmatch_support='yes'
with_smodels=''
word_size='32'
xsb_beta_version=''
xsb_build_date='2019-06-24'
xsb_codename='Clan MacGregor'
xsb_full_version_name='3.7. (Clan MacGregor)'
xsb_major_version='3'
xsb_minor_version='7'
xsb_obj_extension='.xwam'
xsb_patch_date='Build date: 2019-06-24'
xsb_patch_version=''
xsb_release_date='2016-07-06'
xsb_scheduling_strategy='local'
xsb_version='3.7.'

## ----------- ##
## confdefs.h. ##
## ----------- ##

/* confdefs.h */
#define PACKAGE_NAME ""
#define PACKAGE_TARNAME ""
#define PACKAGE_VERSION ""
#define PACKAGE_STRING ""
#define PACKAGE_BUGREPORT ""
#define PACKAGE_URL ""
#define CONFIG_INCLUDED 1
#define ___ALWAYS_TRUE___ 1
#define XSB_VERSION "3.7. (Clan MacGregor)"
#define RELEASE_DATE 2016-07-06
#define RELEASE_YEAR 2016
#define RELEASE_MONTH 7
#define RELEASE_DAY 6
#define LOCAL_EVAL 1
#define GC 1
#define SLG_GC 1
#define STDC_HEADERS 1
#define HAVE_SYS_TYPES_H 1
#define HAVE_SYS_STAT_H 1
#define HAVE_STDLIB_H 1
#define HAVE_STRING_H 1
#define HAVE_MEMORY_H 1
#define HAVE_STRINGS_H 1
#define HAVE_INTTYPES_H 1
#define HAVE_STDINT_H 1
#define HAVE_UNISTD_H 1
#define __EXTENSIONS__ 1
#define _ALL_SOURCE 1
#define _GNU_SOURCE 1
#define _POSIX_PTHREAD_SEMANTICS 1
#define _TANDEM_SOURCE 1
#define CC "/usr/include/emsdk/emscripten/1.38.30/emcc"
#define SIZEOF_LONG_INT 4
#define HAVE_LIBM 1
#define HAVE_LIBDL 1
#define HAVE_LIBNSL 1
#define HAVE_LIBPTHREAD 1
#define HAVE_LIBSOCKET 1
#define HAVE_STDARG_H 1
#define HAVE_SYS_TIME_H 1
#define TIME_WITH_SYS_TIME 1
#define HAVE_SYS_RESOURCE_H 1
#define HAVE_MALLOC 1
#define HAVE_UNISTD_H 1
#define HAVE_STRING_H 1
#define HAVE_STDLIB_H 1
#define RETSIGTYPE void
#define HAVE_STRDUP 1
#define HAVE_MKDIR 1
#define HAVE_GETHOSTBYNAME 1
#define HAVE_GETTIMEOFDAY 1
#define HAVE_SOCKET 1
#define HAVE_SNPRINTF 1
#define HAVE_REGEXEC 1
#define HAVE_REGERROR 1
#define HAVE_REGCOMP 1
#define HAVE_FNMATCH 1
#define HAVE_GLOB 1
#define HAVE_GLOBFREE 1
#define HAVE_EXECVP 1
#define INSN_BLOCKS 1
#define LINUX 1
#define _GNU_SOURCE 1
#define LINUX_ELF 1
#define FOREIGN_ELF 1
#define CONFIGURATION "x86_64-unknown-linux-gnu"
#define FULL_CONFIG_NAME "x86_64-unknown-linux-gnu"

configure: exit 0
