This file contains any messages produced by compilers while
running configure, to aid debugging if configure makes a mistake.

It was created by configure, which was
generated by GNU Autoconf 2.69.  Invocation command line was

  $ ./configure --disable-optimization

## --------- ##
## Platform. ##
## --------- ##

hostname = ubuntu
uname -m = x86_64
uname -r = 4.18.0-21-generic
uname -s = Linux
uname -v = #22~18.04.1-Ubuntu SMP Thu May 16 15:07:19 UTC 2019

/usr/bin/uname -p = unknown
/bin/uname -X     = unknown

/bin/arch              = unknown
/usr/bin/arch -k       = unknown
/usr/convex/getsysinfo = unknown
/usr/bin/hostinfo      = unknown
/bin/machine           = unknown
/usr/bin/oslevel       = unknown
/bin/universe          = unknown

PATH: /usr/include/emsdk/emscripten/1.38.30/system/bin
PATH: /usr/local/sbin
PATH: /usr/local/bin
PATH: /usr/sbin
PATH: /usr/bin
PATH: /sbin
PATH: /bin
PATH: /usr/games
PATH: /usr/local/games
PATH: /usr/include/emsdk
PATH: /usr/include/emsdk/clang/e1.38.30_64bit
PATH: /usr/include/emsdk/node/8.9.1_64bit/bin
PATH: /usr/include/emsdk/emscripten/1.38.30
PATH: /usr/local/sbin
PATH: /usr/local/bin
PATH: /usr/sbin
PATH: /usr/bin
PATH: /sbin
PATH: /bin
PATH: /snap/bin


## ----------- ##
## Core tests. ##
## ----------- ##


## ---------------- ##
## Cache variables. ##
## ---------------- ##

ac_cv_env_CCC_set=
ac_cv_env_CCC_value=
ac_cv_env_CC_set=set
ac_cv_env_CC_value=/usr/include/emsdk/emscripten/1.38.30/emcc
ac_cv_env_CFLAGS_set=set
ac_cv_env_CFLAGS_value=
ac_cv_env_CPPFLAGS_set=
ac_cv_env_CPPFLAGS_value=
ac_cv_env_CPP_set=
ac_cv_env_CPP_value=
ac_cv_env_CXXFLAGS_set=
ac_cv_env_CXXFLAGS_value=
ac_cv_env_CXX_set=set
ac_cv_env_CXX_value=/usr/include/emsdk/emscripten/1.38.30/em++
ac_cv_env_LDFLAGS_set=
ac_cv_env_LDFLAGS_value=
ac_cv_env_LIBS_set=
ac_cv_env_LIBS_value=
ac_cv_env_build_alias_set=
ac_cv_env_build_alias_value=
ac_cv_env_host_alias_set=
ac_cv_env_host_alias_value=
ac_cv_env_target_alias_set=
ac_cv_env_target_alias_value=

## ----------------- ##
## Output variables. ##
## ----------------- ##

CC='/usr/include/emsdk/emscripten/1.38.30/emcc'
CFLAGS=''
CPP=''
CPPFLAGS=''
CROSS_SIMULATOR=''
CXX='/usr/include/emsdk/emscripten/1.38.30/em++'
CXXFLAGS=''
DEFS=''
DLLTYPE=''
DYNMOD_LDFLAGS=''
DYNMOD_SHAREDLIB_EXTENSION=''
ECHO_C=''
ECHO_N='-n'
ECHO_T=''
EGREP=''
EXEEXT=''
GPPCFLAGS=''
GPPWNTFLAG=''
GREP=''
INSTALL_DATA=''
INSTALL_PROGRAM=''
INSTALL_SCRIPT=''
INTERPROLOGOBJ=''
INTERPROLOGSRC=''
JAVA_HEADER_PATH=''
JAVA_PLATFORM_HEADER_PATH=''
LD='/usr/include/emsdk/emscripten/1.38.30/emcc'
LDFLAGS=''
LIBOBJS=''
LIBS=''
LTLIBOBJS=''
MEMFLAG=''
OBJEXT=''
ODBCOBJ=''
ODBCSRC=''
ODBC_CFLAGS=''
PACKAGE_BUGREPORT=''
PACKAGE_NAME=''
PACKAGE_STRING=''
PACKAGE_TARNAME=''
PACKAGE_URL=''
PACKAGE_VERSION=''
PATH_SEPARATOR=':'
SET_MAKE=''
SHELL='/bin/sh'
XASPDEFFILE=''
XASPLIBNAME=''
XSBMOD_LDFLAGS=''
XSB_INTERPROLOG=''
ac_ct_CC=''
ac_ct_CXX=''
arch_bindir=''
arch_config_file=''
arch_config_prefix=''
arch_install_config_prefix=''
bindir='${exec_prefix}/bin'
build=''
build_alias=''
build_cpu=''
build_os=''
build_vendor=''
builtinsCFLAGS=''
canonical=''
compile_mode=''
config_ln_command=''
config_tag=''
datadir='${datarootdir}'
datarootdir='${prefix}/share'
docdir='${datarootdir}/doc/${PACKAGE}'
dvidir='${docdir}'
emuloopCFLAGS=''
emumake_goal=''
engine_mode=''
exec_prefix='NONE'
full_config_name=''
has_gcc=''
host=''
host_alias=''
host_cpu=''
host_os=''
host_vendor=''
htmldir='${docdir}'
includedir='${prefix}/include'
infodir='${datarootdir}/info'
itkwish_path=''
java_compiler=''
java_path=''
libdir='${exec_prefix}/lib'
libexecdir='${exec_prefix}/libexec'
loaderCFLAGS=''
localedir='${datarootdir}/locale'
localstatedir='${prefix}/var'
mandir='${datarootdir}/man'
mno_cyg_inclib=''
mno_cyg_lib=''
mt_mode=''
oldincludedir='/usr/include'
os_type=''
os_version=''
pdfdir='${docdir}'
prefix='NONE'
program_transform_name='s,x,x,'
psdir='${docdir}'
regmatch_support=''
release_day=''
release_month=''
release_monthname=''
release_year=''
sbindir='${exec_prefix}/sbin'
sharedstatedir='${prefix}/com'
site_prefix=''
smoCFLAGS=''
smoLDFLAGS=''
smoLIB=''
smodels_goal=''
sysconfdir='${prefix}/etc'
target_alias=''
topdir='/home/quantumech/Desktop/XSB-Web-IDE/Analysis/XSB_Port_attempt 2/XSB'
trutilsCFLAGS=''
wildmatch_support=''
with_smodels=''
word_size=''
xsb_beta_version=''
xsb_build_date=''
xsb_codename=''
xsb_full_version_name=''
xsb_major_version=''
xsb_minor_version=''
xsb_obj_extension=''
xsb_patch_date=''
xsb_patch_version=''
xsb_release_date=''
xsb_scheduling_strategy=''
xsb_version=''

## ----------- ##
## confdefs.h. ##
## ----------- ##

/* confdefs.h */
#define PACKAGE_NAME ""
#define PACKAGE_TARNAME ""
#define PACKAGE_VERSION ""
#define PACKAGE_STRING ""
#define PACKAGE_BUGREPORT ""
#define PACKAGE_URL ""

configure: exit 1
